<?xml version="1.0" encoding="UTF-8"?>
<testng-results skipped="10" failed="0" ignored="1" total="11" passed="0">
  <reporter-output>
  </reporter-output>
  <suite name="Suite" duration-ms="51975" started-at="2021-12-08T15:33:37 IST" finished-at="2021-12-08T15:34:29 IST">
    <groups>
    </groups>
    <test name="Test" duration-ms="51975" started-at="2021-12-08T15:33:37 IST" finished-at="2021-12-08T15:34:29 IST">
      <class name="com.flipkart.testExecution.MainTestExecution">
        <test-method status="FAIL" signature="initialization()[pri:0, instance:com.flipkart.testExecution.MainTestExecution@64d2d351]" name="initialization" is-config="true" duration-ms="51120" started-at="2021-12-08T15:33:38 IST" finished-at="2021-12-08T15:34:29 IST">
          <exception class="org.openqa.selenium.SessionNotCreatedException">
            <message>
              <![CDATA[session not created: This version of ChromeDriver only supports Chrome version 91
Current browser version is 96.0.4664.93 with binary path C:\Program Files\Google\Chrome\Application\chrome.exe
Build info: version: '3.141.59', revision: 'e82be7d358', time: '2018-11-14T08:17:03'
System info: host: 'LAPTOP-5PE8I9M0', ip: '192.168.1.102', os.name: 'Windows 10', os.arch: 'amd64', os.version: '10.0', java.version: '1.8.0_171'
Driver info: driver.version: ChromeDriver
remote stacktrace: Backtrace:
Ordinal0 [0x009E3733+2504499]
Ordinal0 [0x0097C401+2081793]
Ordinal0 [0x00882628+1058344]
Ordinal0 [0x008A071A+1181466]
Ordinal0 [0x0089C58C+1164684]
Ordinal0 [0x00899DC3+1154499]
Ordinal0 [0x008C9B82+1350530]
Ordinal0 [0x008C97DA+1349594]
Ordinal0 [0x008C5D4B+1334603]
Ordinal0 [0x008A22B4+1188532]
Ordinal0 [0x008A3149+1192265]
GetHandleVerifier [0x00B5FB8C+1512252]
GetHandleVerifier [0x00C0B0DF+2214031]
GetHandleVerifier [0x00A64BC3+484211]
GetHandleVerifier [0x00A63E69+480793]
Ordinal0 [0x0098218D+2105741]
Ordinal0 [0x009866E8+2123496]
Ordinal0 [0x00986827+2123815]
Ordinal0 [0x0098FB73+2161523]
BaseThreadInitThunk [0x7639FA29+25]
RtlGetAppContainerNamedObjectPath [0x77B07A9E+286]
RtlGetAppContainerNamedObjectPath [0x77B07A6E+238]
]]>
            </message>
            <full-stacktrace>
              <![CDATA[org.openqa.selenium.SessionNotCreatedException: session not created: This version of ChromeDriver only supports Chrome version 91
Current browser version is 96.0.4664.93 with binary path C:\Program Files\Google\Chrome\Application\chrome.exe
Build info: version: '3.141.59', revision: 'e82be7d358', time: '2018-11-14T08:17:03'
System info: host: 'LAPTOP-5PE8I9M0', ip: '192.168.1.102', os.name: 'Windows 10', os.arch: 'amd64', os.version: '10.0', java.version: '1.8.0_171'
Driver info: driver.version: ChromeDriver
remote stacktrace: Backtrace:
Ordinal0 [0x009E3733+2504499]
Ordinal0 [0x0097C401+2081793]
Ordinal0 [0x00882628+1058344]
Ordinal0 [0x008A071A+1181466]
Ordinal0 [0x0089C58C+1164684]
Ordinal0 [0x00899DC3+1154499]
Ordinal0 [0x008C9B82+1350530]
Ordinal0 [0x008C97DA+1349594]
Ordinal0 [0x008C5D4B+1334603]
Ordinal0 [0x008A22B4+1188532]
Ordinal0 [0x008A3149+1192265]
GetHandleVerifier [0x00B5FB8C+1512252]
GetHandleVerifier [0x00C0B0DF+2214031]
GetHandleVerifier [0x00A64BC3+484211]
GetHandleVerifier [0x00A63E69+480793]
Ordinal0 [0x0098218D+2105741]
Ordinal0 [0x009866E8+2123496]
Ordinal0 [0x00986827+2123815]
Ordinal0 [0x0098FB73+2161523]
BaseThreadInitThunk [0x7639FA29+25]
RtlGetAppContainerNamedObjectPath [0x77B07A9E+286]
RtlGetAppContainerNamedObjectPath [0x77B07A6E+238]

at sun.reflect.NativeConstructorAccessorImpl.newInstance0(Native Method)
at sun.reflect.NativeConstructorAccessorImpl.newInstance(Unknown Source)
at sun.reflect.DelegatingConstructorAccessorImpl.newInstance(Unknown Source)
at java.lang.reflect.Constructor.newInstance(Unknown Source)
at org.openqa.selenium.remote.W3CHandshakeResponse.lambda$errorHandler$0(W3CHandshakeResponse.java:62)
at org.openqa.selenium.remote.HandshakeResponse.lambda$getResponseFunction$0(HandshakeResponse.java:30)
at org.openqa.selenium.remote.ProtocolHandshake.lambda$createSession$0(ProtocolHandshake.java:126)
at java.util.stream.ReferencePipeline$3$1.accept(Unknown Source)
at java.util.Spliterators$ArraySpliterator.tryAdvance(Unknown Source)
at java.util.stream.ReferencePipeline.forEachWithCancel(Unknown Source)
at java.util.stream.AbstractPipeline.copyIntoWithCancel(Unknown Source)
at java.util.stream.AbstractPipeline.copyInto(Unknown Source)
at java.util.stream.AbstractPipeline.wrapAndCopyInto(Unknown Source)
at java.util.stream.FindOps$FindOp.evaluateSequential(Unknown Source)
at java.util.stream.AbstractPipeline.evaluate(Unknown Source)
at java.util.stream.ReferencePipeline.findFirst(Unknown Source)
at org.openqa.selenium.remote.ProtocolHandshake.createSession(ProtocolHandshake.java:128)
at org.openqa.selenium.remote.ProtocolHandshake.createSession(ProtocolHandshake.java:74)
at org.openqa.selenium.remote.HttpCommandExecutor.execute(HttpCommandExecutor.java:136)
at org.openqa.selenium.remote.service.DriverCommandExecutor.execute(DriverCommandExecutor.java:83)
at org.openqa.selenium.remote.RemoteWebDriver.execute(RemoteWebDriver.java:552)
at org.openqa.selenium.remote.RemoteWebDriver.startSession(RemoteWebDriver.java:213)
at org.openqa.selenium.remote.RemoteWebDriver.<init>(RemoteWebDriver.java:131)
at org.openqa.selenium.chrome.ChromeDriver.<init>(ChromeDriver.java:181)
at org.openqa.selenium.chrome.ChromeDriver.<init>(ChromeDriver.java:168)
at org.openqa.selenium.chrome.ChromeDriver.<init>(ChromeDriver.java:123)
at com.flipkart.base.BaseClass.launchBrowser(BaseClass.java:38)
at com.flipkart.testExecution.MainTestExecution.initialization(MainTestExecution.java:31)
at sun.reflect.NativeMethodAccessorImpl.invoke0(Native Method)
at sun.reflect.NativeMethodAccessorImpl.invoke(Unknown Source)
at sun.reflect.DelegatingMethodAccessorImpl.invoke(Unknown Source)
at java.lang.reflect.Method.invoke(Unknown Source)
at org.testng.internal.MethodInvocationHelper.invokeMethod(MethodInvocationHelper.java:133)
at org.testng.internal.MethodInvocationHelper.invokeMethodConsideringTimeout(MethodInvocationHelper.java:62)
at org.testng.internal.ConfigInvoker.invokeConfigurationMethod(ConfigInvoker.java:385)
at org.testng.internal.ConfigInvoker.invokeConfigurations(ConfigInvoker.java:321)
at org.testng.internal.TestInvoker.runConfigMethods(TestInvoker.java:700)
at org.testng.internal.TestInvoker.invokeMethod(TestInvoker.java:527)
at org.testng.internal.TestInvoker.invokeTestMethod(TestInvoker.java:173)
at org.testng.internal.MethodRunner.runInSequence(MethodRunner.java:46)
at org.testng.internal.TestInvoker$MethodInvocationAgent.invoke(TestInvoker.java:824)
at org.testng.internal.TestInvoker.invokeTestMethods(TestInvoker.java:146)
at org.testng.internal.TestMethodWorker.invokeTestMethods(TestMethodWorker.java:146)
at org.testng.internal.TestMethodWorker.run(TestMethodWorker.java:128)
at java.util.ArrayList.forEach(Unknown Source)
at org.testng.TestRunner.privateRun(TestRunner.java:794)
at org.testng.TestRunner.run(TestRunner.java:596)
at org.testng.SuiteRunner.runTest(SuiteRunner.java:377)
at org.testng.SuiteRunner.runSequentially(SuiteRunner.java:371)
at org.testng.SuiteRunner.privateRun(SuiteRunner.java:332)
at org.testng.SuiteRunner.run(SuiteRunner.java:276)
at org.testng.SuiteRunnerWorker.runSuite(SuiteRunnerWorker.java:53)
at org.testng.SuiteRunnerWorker.run(SuiteRunnerWorker.java:96)
at org.testng.TestNG.runSuitesSequentially(TestNG.java:1212)
at org.testng.TestNG.runSuitesLocally(TestNG.java:1134)
at org.testng.TestNG.runSuites(TestNG.java:1063)
at org.testng.TestNG.run(TestNG.java:1031)
at org.testng.remote.AbstractRemoteTestNG.run(AbstractRemoteTestNG.java:115)
at org.testng.remote.RemoteTestNG.initAndRun(RemoteTestNG.java:251)
at org.testng.remote.RemoteTestNG.main(RemoteTestNG.java:77)
]]>
            </full-stacktrace>
          </exception> <!-- org.openqa.selenium.SessionNotCreatedException -->
          <reporter-output>
          </reporter-output>
        </test-method> <!-- initialization -->
        <test-method status="SKIP" signature="verifylogo()[pri:0, instance:com.flipkart.testExecution.MainTestExecution@64d2d351]" name="verifylogo" duration-ms="0" started-at="2021-12-08T15:34:29 IST" finished-at="2021-12-08T15:34:29 IST">
          <exception class="org.openqa.selenium.SessionNotCreatedException">
            <message>
              <![CDATA[session not created: This version of ChromeDriver only supports Chrome version 91
Current browser version is 96.0.4664.93 with binary path C:\Program Files\Google\Chrome\Application\chrome.exe
Build info: version: '3.141.59', revision: 'e82be7d358', time: '2018-11-14T08:17:03'
System info: host: 'LAPTOP-5PE8I9M0', ip: '192.168.1.102', os.name: 'Windows 10', os.arch: 'amd64', os.version: '10.0', java.version: '1.8.0_171'
Driver info: driver.version: ChromeDriver
remote stacktrace: Backtrace:
Ordinal0 [0x009E3733+2504499]
Ordinal0 [0x0097C401+2081793]
Ordinal0 [0x00882628+1058344]
Ordinal0 [0x008A071A+1181466]
Ordinal0 [0x0089C58C+1164684]
Ordinal0 [0x00899DC3+1154499]
Ordinal0 [0x008C9B82+1350530]
Ordinal0 [0x008C97DA+1349594]
Ordinal0 [0x008C5D4B+1334603]
Ordinal0 [0x008A22B4+1188532]
Ordinal0 [0x008A3149+1192265]
GetHandleVerifier [0x00B5FB8C+1512252]
GetHandleVerifier [0x00C0B0DF+2214031]
GetHandleVerifier [0x00A64BC3+484211]
GetHandleVerifier [0x00A63E69+480793]
Ordinal0 [0x0098218D+2105741]
Ordinal0 [0x009866E8+2123496]
Ordinal0 [0x00986827+2123815]
Ordinal0 [0x0098FB73+2161523]
BaseThreadInitThunk [0x7639FA29+25]
RtlGetAppContainerNamedObjectPath [0x77B07A9E+286]
RtlGetAppContainerNamedObjectPath [0x77B07A6E+238]
]]>
            </message>
            <full-stacktrace>
              <![CDATA[org.openqa.selenium.SessionNotCreatedException: session not created: This version of ChromeDriver only supports Chrome version 91
Current browser version is 96.0.4664.93 with binary path C:\Program Files\Google\Chrome\Application\chrome.exe
Build info: version: '3.141.59', revision: 'e82be7d358', time: '2018-11-14T08:17:03'
System info: host: 'LAPTOP-5PE8I9M0', ip: '192.168.1.102', os.name: 'Windows 10', os.arch: 'amd64', os.version: '10.0', java.version: '1.8.0_171'
Driver info: driver.version: ChromeDriver
remote stacktrace: Backtrace:
Ordinal0 [0x009E3733+2504499]
Ordinal0 [0x0097C401+2081793]
Ordinal0 [0x00882628+1058344]
Ordinal0 [0x008A071A+1181466]
Ordinal0 [0x0089C58C+1164684]
Ordinal0 [0x00899DC3+1154499]
Ordinal0 [0x008C9B82+1350530]
Ordinal0 [0x008C97DA+1349594]
Ordinal0 [0x008C5D4B+1334603]
Ordinal0 [0x008A22B4+1188532]
Ordinal0 [0x008A3149+1192265]
GetHandleVerifier [0x00B5FB8C+1512252]
GetHandleVerifier [0x00C0B0DF+2214031]
GetHandleVerifier [0x00A64BC3+484211]
GetHandleVerifier [0x00A63E69+480793]
Ordinal0 [0x0098218D+2105741]
Ordinal0 [0x009866E8+2123496]
Ordinal0 [0x00986827+2123815]
Ordinal0 [0x0098FB73+2161523]
BaseThreadInitThunk [0x7639FA29+25]
RtlGetAppContainerNamedObjectPath [0x77B07A9E+286]
RtlGetAppContainerNamedObjectPath [0x77B07A6E+238]

at sun.reflect.NativeConstructorAccessorImpl.newInstance0(Native Method)
at sun.reflect.NativeConstructorAccessorImpl.newInstance(Unknown Source)
at sun.reflect.DelegatingConstructorAccessorImpl.newInstance(Unknown Source)
at java.lang.reflect.Constructor.newInstance(Unknown Source)
at org.openqa.selenium.remote.W3CHandshakeResponse.lambda$errorHandler$0(W3CHandshakeResponse.java:62)
at org.openqa.selenium.remote.HandshakeResponse.lambda$getResponseFunction$0(HandshakeResponse.java:30)
at org.openqa.selenium.remote.ProtocolHandshake.lambda$createSession$0(ProtocolHandshake.java:126)
at java.util.stream.ReferencePipeline$3$1.accept(Unknown Source)
at java.util.Spliterators$ArraySpliterator.tryAdvance(Unknown Source)
at java.util.stream.ReferencePipeline.forEachWithCancel(Unknown Source)
at java.util.stream.AbstractPipeline.copyIntoWithCancel(Unknown Source)
at java.util.stream.AbstractPipeline.copyInto(Unknown Source)
at java.util.stream.AbstractPipeline.wrapAndCopyInto(Unknown Source)
at java.util.stream.FindOps$FindOp.evaluateSequential(Unknown Source)
at java.util.stream.AbstractPipeline.evaluate(Unknown Source)
at java.util.stream.ReferencePipeline.findFirst(Unknown Source)
at org.openqa.selenium.remote.ProtocolHandshake.createSession(ProtocolHandshake.java:128)
at org.openqa.selenium.remote.ProtocolHandshake.createSession(ProtocolHandshake.java:74)
at org.openqa.selenium.remote.HttpCommandExecutor.execute(HttpCommandExecutor.java:136)
at org.openqa.selenium.remote.service.DriverCommandExecutor.execute(DriverCommandExecutor.java:83)
at org.openqa.selenium.remote.RemoteWebDriver.execute(RemoteWebDriver.java:552)
at org.openqa.selenium.remote.RemoteWebDriver.startSession(RemoteWebDriver.java:213)
at org.openqa.selenium.remote.RemoteWebDriver.<init>(RemoteWebDriver.java:131)
at org.openqa.selenium.chrome.ChromeDriver.<init>(ChromeDriver.java:181)
at org.openqa.selenium.chrome.ChromeDriver.<init>(ChromeDriver.java:168)
at org.openqa.selenium.chrome.ChromeDriver.<init>(ChromeDriver.java:123)
at com.flipkart.base.BaseClass.launchBrowser(BaseClass.java:38)
at com.flipkart.testExecution.MainTestExecution.initialization(MainTestExecution.java:31)
at sun.reflect.NativeMethodAccessorImpl.invoke0(Native Method)
at sun.reflect.NativeMethodAccessorImpl.invoke(Unknown Source)
at sun.reflect.DelegatingMethodAccessorImpl.invoke(Unknown Source)
at java.lang.reflect.Method.invoke(Unknown Source)
at org.testng.internal.MethodInvocationHelper.invokeMethod(MethodInvocationHelper.java:133)
at org.testng.internal.MethodInvocationHelper.invokeMethodConsideringTimeout(MethodInvocationHelper.java:62)
at org.testng.internal.ConfigInvoker.invokeConfigurationMethod(ConfigInvoker.java:385)
at org.testng.internal.ConfigInvoker.invokeConfigurations(ConfigInvoker.java:321)
at org.testng.internal.TestInvoker.runConfigMethods(TestInvoker.java:700)
at org.testng.internal.TestInvoker.invokeMethod(TestInvoker.java:527)
at org.testng.internal.TestInvoker.invokeTestMethod(TestInvoker.java:173)
at org.testng.internal.MethodRunner.runInSequence(MethodRunner.java:46)
at org.testng.internal.TestInvoker$MethodInvocationAgent.invoke(TestInvoker.java:824)
at org.testng.internal.TestInvoker.invokeTestMethods(TestInvoker.java:146)
at org.testng.internal.TestMethodWorker.invokeTestMethods(TestMethodWorker.java:146)
at org.testng.internal.TestMethodWorker.run(TestMethodWorker.java:128)
at java.util.ArrayList.forEach(Unknown Source)
at org.testng.TestRunner.privateRun(TestRunner.java:794)
at org.testng.TestRunner.run(TestRunner.java:596)
at org.testng.SuiteRunner.runTest(SuiteRunner.java:377)
at org.testng.SuiteRunner.runSequentially(SuiteRunner.java:371)
at org.testng.SuiteRunner.privateRun(SuiteRunner.java:332)
at org.testng.SuiteRunner.run(SuiteRunner.java:276)
at org.testng.SuiteRunnerWorker.runSuite(SuiteRunnerWorker.java:53)
at org.testng.SuiteRunnerWorker.run(SuiteRunnerWorker.java:96)
at org.testng.TestNG.runSuitesSequentially(TestNG.java:1212)
at org.testng.TestNG.runSuitesLocally(TestNG.java:1134)
at org.testng.TestNG.runSuites(TestNG.java:1063)
at org.testng.TestNG.run(TestNG.java:1031)
at org.testng.remote.AbstractRemoteTestNG.run(AbstractRemoteTestNG.java:115)
at org.testng.remote.RemoteTestNG.initAndRun(RemoteTestNG.java:251)
at org.testng.remote.RemoteTestNG.main(RemoteTestNG.java:77)
]]>
            </full-stacktrace>
          </exception> <!-- org.openqa.selenium.SessionNotCreatedException -->
          <reporter-output>
          </reporter-output>
        </test-method> <!-- verifylogo -->
        <test-method status="SKIP" signature="closeBrowser()[pri:0, instance:com.flipkart.testExecution.MainTestExecution@64d2d351]" name="closeBrowser" is-config="true" duration-ms="-1638957869499" started-at="2021-12-08T15:34:29 IST" finished-at="1970-01-01T05:30:00 IST">
          <reporter-output>
          </reporter-output>
        </test-method> <!-- closeBrowser -->
        <test-method status="SKIP" signature="initialization()[pri:0, instance:com.flipkart.testExecution.MainTestExecution@64d2d351]" name="initialization" is-config="true" duration-ms="-1638957869512" started-at="2021-12-08T15:34:29 IST" finished-at="1970-01-01T05:30:00 IST">
          <reporter-output>
          </reporter-output>
        </test-method> <!-- initialization -->
        <test-method status="SKIP" signature="loginFailed()[pri:1, instance:com.flipkart.testExecution.MainTestExecution@64d2d351]" name="loginFailed" duration-ms="0" started-at="2021-12-08T15:34:29 IST" finished-at="2021-12-08T15:34:29 IST">
          <exception class="org.openqa.selenium.SessionNotCreatedException">
            <message>
              <![CDATA[session not created: This version of ChromeDriver only supports Chrome version 91
Current browser version is 96.0.4664.93 with binary path C:\Program Files\Google\Chrome\Application\chrome.exe
Build info: version: '3.141.59', revision: 'e82be7d358', time: '2018-11-14T08:17:03'
System info: host: 'LAPTOP-5PE8I9M0', ip: '192.168.1.102', os.name: 'Windows 10', os.arch: 'amd64', os.version: '10.0', java.version: '1.8.0_171'
Driver info: driver.version: ChromeDriver
remote stacktrace: Backtrace:
Ordinal0 [0x009E3733+2504499]
Ordinal0 [0x0097C401+2081793]
Ordinal0 [0x00882628+1058344]
Ordinal0 [0x008A071A+1181466]
Ordinal0 [0x0089C58C+1164684]
Ordinal0 [0x00899DC3+1154499]
Ordinal0 [0x008C9B82+1350530]
Ordinal0 [0x008C97DA+1349594]
Ordinal0 [0x008C5D4B+1334603]
Ordinal0 [0x008A22B4+1188532]
Ordinal0 [0x008A3149+1192265]
GetHandleVerifier [0x00B5FB8C+1512252]
GetHandleVerifier [0x00C0B0DF+2214031]
GetHandleVerifier [0x00A64BC3+484211]
GetHandleVerifier [0x00A63E69+480793]
Ordinal0 [0x0098218D+2105741]
Ordinal0 [0x009866E8+2123496]
Ordinal0 [0x00986827+2123815]
Ordinal0 [0x0098FB73+2161523]
BaseThreadInitThunk [0x7639FA29+25]
RtlGetAppContainerNamedObjectPath [0x77B07A9E+286]
RtlGetAppContainerNamedObjectPath [0x77B07A6E+238]
]]>
            </message>
            <full-stacktrace>
              <![CDATA[org.openqa.selenium.SessionNotCreatedException: session not created: This version of ChromeDriver only supports Chrome version 91
Current browser version is 96.0.4664.93 with binary path C:\Program Files\Google\Chrome\Application\chrome.exe
Build info: version: '3.141.59', revision: 'e82be7d358', time: '2018-11-14T08:17:03'
System info: host: 'LAPTOP-5PE8I9M0', ip: '192.168.1.102', os.name: 'Windows 10', os.arch: 'amd64', os.version: '10.0', java.version: '1.8.0_171'
Driver info: driver.version: ChromeDriver
remote stacktrace: Backtrace:
Ordinal0 [0x009E3733+2504499]
Ordinal0 [0x0097C401+2081793]
Ordinal0 [0x00882628+1058344]
Ordinal0 [0x008A071A+1181466]
Ordinal0 [0x0089C58C+1164684]
Ordinal0 [0x00899DC3+1154499]
Ordinal0 [0x008C9B82+1350530]
Ordinal0 [0x008C97DA+1349594]
Ordinal0 [0x008C5D4B+1334603]
Ordinal0 [0x008A22B4+1188532]
Ordinal0 [0x008A3149+1192265]
GetHandleVerifier [0x00B5FB8C+1512252]
GetHandleVerifier [0x00C0B0DF+2214031]
GetHandleVerifier [0x00A64BC3+484211]
GetHandleVerifier [0x00A63E69+480793]
Ordinal0 [0x0098218D+2105741]
Ordinal0 [0x009866E8+2123496]
Ordinal0 [0x00986827+2123815]
Ordinal0 [0x0098FB73+2161523]
BaseThreadInitThunk [0x7639FA29+25]
RtlGetAppContainerNamedObjectPath [0x77B07A9E+286]
RtlGetAppContainerNamedObjectPath [0x77B07A6E+238]

at sun.reflect.NativeConstructorAccessorImpl.newInstance0(Native Method)
at sun.reflect.NativeConstructorAccessorImpl.newInstance(Unknown Source)
at sun.reflect.DelegatingConstructorAccessorImpl.newInstance(Unknown Source)
at java.lang.reflect.Constructor.newInstance(Unknown Source)
at org.openqa.selenium.remote.W3CHandshakeResponse.lambda$errorHandler$0(W3CHandshakeResponse.java:62)
at org.openqa.selenium.remote.HandshakeResponse.lambda$getResponseFunction$0(HandshakeResponse.java:30)
at org.openqa.selenium.remote.ProtocolHandshake.lambda$createSession$0(ProtocolHandshake.java:126)
at java.util.stream.ReferencePipeline$3$1.accept(Unknown Source)
at java.util.Spliterators$ArraySpliterator.tryAdvance(Unknown Source)
at java.util.stream.ReferencePipeline.forEachWithCancel(Unknown Source)
at java.util.stream.AbstractPipeline.copyIntoWithCancel(Unknown Source)
at java.util.stream.AbstractPipeline.copyInto(Unknown Source)
at java.util.stream.AbstractPipeline.wrapAndCopyInto(Unknown Source)
at java.util.stream.FindOps$FindOp.evaluateSequential(Unknown Source)
at java.util.stream.AbstractPipeline.evaluate(Unknown Source)
at java.util.stream.ReferencePipeline.findFirst(Unknown Source)
at org.openqa.selenium.remote.ProtocolHandshake.createSession(ProtocolHandshake.java:128)
at org.openqa.selenium.remote.ProtocolHandshake.createSession(ProtocolHandshake.java:74)
at org.openqa.selenium.remote.HttpCommandExecutor.execute(HttpCommandExecutor.java:136)
at org.openqa.selenium.remote.service.DriverCommandExecutor.execute(DriverCommandExecutor.java:83)
at org.openqa.selenium.remote.RemoteWebDriver.execute(RemoteWebDriver.java:552)
at org.openqa.selenium.remote.RemoteWebDriver.startSession(RemoteWebDriver.java:213)
at org.openqa.selenium.remote.RemoteWebDriver.<init>(RemoteWebDriver.java:131)
at org.openqa.selenium.chrome.ChromeDriver.<init>(ChromeDriver.java:181)
at org.openqa.selenium.chrome.ChromeDriver.<init>(ChromeDriver.java:168)
at org.openqa.selenium.chrome.ChromeDriver.<init>(ChromeDriver.java:123)
at com.flipkart.base.BaseClass.launchBrowser(BaseClass.java:38)
at com.flipkart.testExecution.MainTestExecution.initialization(MainTestExecution.java:31)
at sun.reflect.NativeMethodAccessorImpl.invoke0(Native Method)
at sun.reflect.NativeMethodAccessorImpl.invoke(Unknown Source)
at sun.reflect.DelegatingMethodAccessorImpl.invoke(Unknown Source)
at java.lang.reflect.Method.invoke(Unknown Source)
at org.testng.internal.MethodInvocationHelper.invokeMethod(MethodInvocationHelper.java:133)
at org.testng.internal.MethodInvocationHelper.invokeMethodConsideringTimeout(MethodInvocationHelper.java:62)
at org.testng.internal.ConfigInvoker.invokeConfigurationMethod(ConfigInvoker.java:385)
at org.testng.internal.ConfigInvoker.invokeConfigurations(ConfigInvoker.java:321)
at org.testng.internal.TestInvoker.runConfigMethods(TestInvoker.java:700)
at org.testng.internal.TestInvoker.invokeMethod(TestInvoker.java:527)
at org.testng.internal.TestInvoker.invokeTestMethod(TestInvoker.java:173)
at org.testng.internal.MethodRunner.runInSequence(MethodRunner.java:46)
at org.testng.internal.TestInvoker$MethodInvocationAgent.invoke(TestInvoker.java:824)
at org.testng.internal.TestInvoker.invokeTestMethods(TestInvoker.java:146)
at org.testng.internal.TestMethodWorker.invokeTestMethods(TestMethodWorker.java:146)
at org.testng.internal.TestMethodWorker.run(TestMethodWorker.java:128)
at java.util.ArrayList.forEach(Unknown Source)
at org.testng.TestRunner.privateRun(TestRunner.java:794)
at org.testng.TestRunner.run(TestRunner.java:596)
at org.testng.SuiteRunner.runTest(SuiteRunner.java:377)
at org.testng.SuiteRunner.runSequentially(SuiteRunner.java:371)
at org.testng.SuiteRunner.privateRun(SuiteRunner.java:332)
at org.testng.SuiteRunner.run(SuiteRunner.java:276)
at org.testng.SuiteRunnerWorker.runSuite(SuiteRunnerWorker.java:53)
at org.testng.SuiteRunnerWorker.run(SuiteRunnerWorker.java:96)
at org.testng.TestNG.runSuitesSequentially(TestNG.java:1212)
at org.testng.TestNG.runSuitesLocally(TestNG.java:1134)
at org.testng.TestNG.runSuites(TestNG.java:1063)
at org.testng.TestNG.run(TestNG.java:1031)
at org.testng.remote.AbstractRemoteTestNG.run(AbstractRemoteTestNG.java:115)
at org.testng.remote.RemoteTestNG.initAndRun(RemoteTestNG.java:251)
at org.testng.remote.RemoteTestNG.main(RemoteTestNG.java:77)
]]>
            </full-stacktrace>
          </exception> <!-- org.openqa.selenium.SessionNotCreatedException -->
          <reporter-output>
          </reporter-output>
        </test-method> <!-- loginFailed -->
        <test-method status="SKIP" signature="closeBrowser()[pri:0, instance:com.flipkart.testExecution.MainTestExecution@64d2d351]" name="closeBrowser" is-config="true" duration-ms="-1638957869555" started-at="2021-12-08T15:34:29 IST" finished-at="1970-01-01T05:30:00 IST">
          <reporter-output>
          </reporter-output>
        </test-method> <!-- closeBrowser -->
        <test-method status="SKIP" signature="initialization()[pri:0, instance:com.flipkart.testExecution.MainTestExecution@64d2d351]" name="initialization" is-config="true" duration-ms="-1638957869562" started-at="2021-12-08T15:34:29 IST" finished-at="1970-01-01T05:30:00 IST">
          <reporter-output>
          </reporter-output>
        </test-method> <!-- initialization -->
        <test-method status="SKIP" signature="login()[pri:2, instance:com.flipkart.testExecution.MainTestExecution@64d2d351]" name="login" duration-ms="0" started-at="2021-12-08T15:34:29 IST" finished-at="2021-12-08T15:34:29 IST">
          <exception class="org.openqa.selenium.SessionNotCreatedException">
            <message>
              <![CDATA[session not created: This version of ChromeDriver only supports Chrome version 91
Current browser version is 96.0.4664.93 with binary path C:\Program Files\Google\Chrome\Application\chrome.exe
Build info: version: '3.141.59', revision: 'e82be7d358', time: '2018-11-14T08:17:03'
System info: host: 'LAPTOP-5PE8I9M0', ip: '192.168.1.102', os.name: 'Windows 10', os.arch: 'amd64', os.version: '10.0', java.version: '1.8.0_171'
Driver info: driver.version: ChromeDriver
remote stacktrace: Backtrace:
Ordinal0 [0x009E3733+2504499]
Ordinal0 [0x0097C401+2081793]
Ordinal0 [0x00882628+1058344]
Ordinal0 [0x008A071A+1181466]
Ordinal0 [0x0089C58C+1164684]
Ordinal0 [0x00899DC3+1154499]
Ordinal0 [0x008C9B82+1350530]
Ordinal0 [0x008C97DA+1349594]
Ordinal0 [0x008C5D4B+1334603]
Ordinal0 [0x008A22B4+1188532]
Ordinal0 [0x008A3149+1192265]
GetHandleVerifier [0x00B5FB8C+1512252]
GetHandleVerifier [0x00C0B0DF+2214031]
GetHandleVerifier [0x00A64BC3+484211]
GetHandleVerifier [0x00A63E69+480793]
Ordinal0 [0x0098218D+2105741]
Ordinal0 [0x009866E8+2123496]
Ordinal0 [0x00986827+2123815]
Ordinal0 [0x0098FB73+2161523]
BaseThreadInitThunk [0x7639FA29+25]
RtlGetAppContainerNamedObjectPath [0x77B07A9E+286]
RtlGetAppContainerNamedObjectPath [0x77B07A6E+238]
]]>
            </message>
            <full-stacktrace>
              <![CDATA[org.openqa.selenium.SessionNotCreatedException: session not created: This version of ChromeDriver only supports Chrome version 91
Current browser version is 96.0.4664.93 with binary path C:\Program Files\Google\Chrome\Application\chrome.exe
Build info: version: '3.141.59', revision: 'e82be7d358', time: '2018-11-14T08:17:03'
System info: host: 'LAPTOP-5PE8I9M0', ip: '192.168.1.102', os.name: 'Windows 10', os.arch: 'amd64', os.version: '10.0', java.version: '1.8.0_171'
Driver info: driver.version: ChromeDriver
remote stacktrace: Backtrace:
Ordinal0 [0x009E3733+2504499]
Ordinal0 [0x0097C401+2081793]
Ordinal0 [0x00882628+1058344]
Ordinal0 [0x008A071A+1181466]
Ordinal0 [0x0089C58C+1164684]
Ordinal0 [0x00899DC3+1154499]
Ordinal0 [0x008C9B82+1350530]
Ordinal0 [0x008C97DA+1349594]
Ordinal0 [0x008C5D4B+1334603]
Ordinal0 [0x008A22B4+1188532]
Ordinal0 [0x008A3149+1192265]
GetHandleVerifier [0x00B5FB8C+1512252]
GetHandleVerifier [0x00C0B0DF+2214031]
GetHandleVerifier [0x00A64BC3+484211]
GetHandleVerifier [0x00A63E69+480793]
Ordinal0 [0x0098218D+2105741]
Ordinal0 [0x009866E8+2123496]
Ordinal0 [0x00986827+2123815]
Ordinal0 [0x0098FB73+2161523]
BaseThreadInitThunk [0x7639FA29+25]
RtlGetAppContainerNamedObjectPath [0x77B07A9E+286]
RtlGetAppContainerNamedObjectPath [0x77B07A6E+238]

at sun.reflect.NativeConstructorAccessorImpl.newInstance0(Native Method)
at sun.reflect.NativeConstructorAccessorImpl.newInstance(Unknown Source)
at sun.reflect.DelegatingConstructorAccessorImpl.newInstance(Unknown Source)
at java.lang.reflect.Constructor.newInstance(Unknown Source)
at org.openqa.selenium.remote.W3CHandshakeResponse.lambda$errorHandler$0(W3CHandshakeResponse.java:62)
at org.openqa.selenium.remote.HandshakeResponse.lambda$getResponseFunction$0(HandshakeResponse.java:30)
at org.openqa.selenium.remote.ProtocolHandshake.lambda$createSession$0(ProtocolHandshake.java:126)
at java.util.stream.ReferencePipeline$3$1.accept(Unknown Source)
at java.util.Spliterators$ArraySpliterator.tryAdvance(Unknown Source)
at java.util.stream.ReferencePipeline.forEachWithCancel(Unknown Source)
at java.util.stream.AbstractPipeline.copyIntoWithCancel(Unknown Source)
at java.util.stream.AbstractPipeline.copyInto(Unknown Source)
at java.util.stream.AbstractPipeline.wrapAndCopyInto(Unknown Source)
at java.util.stream.FindOps$FindOp.evaluateSequential(Unknown Source)
at java.util.stream.AbstractPipeline.evaluate(Unknown Source)
at java.util.stream.ReferencePipeline.findFirst(Unknown Source)
at org.openqa.selenium.remote.ProtocolHandshake.createSession(ProtocolHandshake.java:128)
at org.openqa.selenium.remote.ProtocolHandshake.createSession(ProtocolHandshake.java:74)
at org.openqa.selenium.remote.HttpCommandExecutor.execute(HttpCommandExecutor.java:136)
at org.openqa.selenium.remote.service.DriverCommandExecutor.execute(DriverCommandExecutor.java:83)
at org.openqa.selenium.remote.RemoteWebDriver.execute(RemoteWebDriver.java:552)
at org.openqa.selenium.remote.RemoteWebDriver.startSession(RemoteWebDriver.java:213)
at org.openqa.selenium.remote.RemoteWebDriver.<init>(RemoteWebDriver.java:131)
at org.openqa.selenium.chrome.ChromeDriver.<init>(ChromeDriver.java:181)
at org.openqa.selenium.chrome.ChromeDriver.<init>(ChromeDriver.java:168)
at org.openqa.selenium.chrome.ChromeDriver.<init>(ChromeDriver.java:123)
at com.flipkart.base.BaseClass.launchBrowser(BaseClass.java:38)
at com.flipkart.testExecution.MainTestExecution.initialization(MainTestExecution.java:31)
at sun.reflect.NativeMethodAccessorImpl.invoke0(Native Method)
at sun.reflect.NativeMethodAccessorImpl.invoke(Unknown Source)
at sun.reflect.DelegatingMethodAccessorImpl.invoke(Unknown Source)
at java.lang.reflect.Method.invoke(Unknown Source)
at org.testng.internal.MethodInvocationHelper.invokeMethod(MethodInvocationHelper.java:133)
at org.testng.internal.MethodInvocationHelper.invokeMethodConsideringTimeout(MethodInvocationHelper.java:62)
at org.testng.internal.ConfigInvoker.invokeConfigurationMethod(ConfigInvoker.java:385)
at org.testng.internal.ConfigInvoker.invokeConfigurations(ConfigInvoker.java:321)
at org.testng.internal.TestInvoker.runConfigMethods(TestInvoker.java:700)
at org.testng.internal.TestInvoker.invokeMethod(TestInvoker.java:527)
at org.testng.internal.TestInvoker.invokeTestMethod(TestInvoker.java:173)
at org.testng.internal.MethodRunner.runInSequence(MethodRunner.java:46)
at org.testng.internal.TestInvoker$MethodInvocationAgent.invoke(TestInvoker.java:824)
at org.testng.internal.TestInvoker.invokeTestMethods(TestInvoker.java:146)
at org.testng.internal.TestMethodWorker.invokeTestMethods(TestMethodWorker.java:146)
at org.testng.internal.TestMethodWorker.run(TestMethodWorker.java:128)
at java.util.ArrayList.forEach(Unknown Source)
at org.testng.TestRunner.privateRun(TestRunner.java:794)
at org.testng.TestRunner.run(TestRunner.java:596)
at org.testng.SuiteRunner.runTest(SuiteRunner.java:377)
at org.testng.SuiteRunner.runSequentially(SuiteRunner.java:371)
at org.testng.SuiteRunner.privateRun(SuiteRunner.java:332)
at org.testng.SuiteRunner.run(SuiteRunner.java:276)
at org.testng.SuiteRunnerWorker.runSuite(SuiteRunnerWorker.java:53)
at org.testng.SuiteRunnerWorker.run(SuiteRunnerWorker.java:96)
at org.testng.TestNG.runSuitesSequentially(TestNG.java:1212)
at org.testng.TestNG.runSuitesLocally(TestNG.java:1134)
at org.testng.TestNG.runSuites(TestNG.java:1063)
at org.testng.TestNG.run(TestNG.java:1031)
at org.testng.remote.AbstractRemoteTestNG.run(AbstractRemoteTestNG.java:115)
at org.testng.remote.RemoteTestNG.initAndRun(RemoteTestNG.java:251)
at org.testng.remote.RemoteTestNG.main(RemoteTestNG.java:77)
]]>
            </full-stacktrace>
          </exception> <!-- org.openqa.selenium.SessionNotCreatedException -->
          <reporter-output>
          </reporter-output>
        </test-method> <!-- login -->
        <test-method status="SKIP" signature="closeBrowser()[pri:0, instance:com.flipkart.testExecution.MainTestExecution@64d2d351]" name="closeBrowser" is-config="true" duration-ms="-1638957869578" started-at="2021-12-08T15:34:29 IST" finished-at="1970-01-01T05:30:00 IST">
          <reporter-output>
          </reporter-output>
        </test-method> <!-- closeBrowser -->
        <test-method status="SKIP" signature="initialization()[pri:0, instance:com.flipkart.testExecution.MainTestExecution@64d2d351]" name="initialization" is-config="true" duration-ms="-1638957869583" started-at="2021-12-08T15:34:29 IST" finished-at="1970-01-01T05:30:00 IST">
          <reporter-output>
          </reporter-output>
        </test-method> <!-- initialization -->
        <test-method status="SKIP" signature="Navigation()[pri:3, instance:com.flipkart.testExecution.MainTestExecution@64d2d351]" name="Navigation" duration-ms="0" started-at="2021-12-08T15:34:29 IST" finished-at="2021-12-08T15:34:29 IST">
          <exception class="org.openqa.selenium.SessionNotCreatedException">
            <message>
              <![CDATA[session not created: This version of ChromeDriver only supports Chrome version 91
Current browser version is 96.0.4664.93 with binary path C:\Program Files\Google\Chrome\Application\chrome.exe
Build info: version: '3.141.59', revision: 'e82be7d358', time: '2018-11-14T08:17:03'
System info: host: 'LAPTOP-5PE8I9M0', ip: '192.168.1.102', os.name: 'Windows 10', os.arch: 'amd64', os.version: '10.0', java.version: '1.8.0_171'
Driver info: driver.version: ChromeDriver
remote stacktrace: Backtrace:
Ordinal0 [0x009E3733+2504499]
Ordinal0 [0x0097C401+2081793]
Ordinal0 [0x00882628+1058344]
Ordinal0 [0x008A071A+1181466]
Ordinal0 [0x0089C58C+1164684]
Ordinal0 [0x00899DC3+1154499]
Ordinal0 [0x008C9B82+1350530]
Ordinal0 [0x008C97DA+1349594]
Ordinal0 [0x008C5D4B+1334603]
Ordinal0 [0x008A22B4+1188532]
Ordinal0 [0x008A3149+1192265]
GetHandleVerifier [0x00B5FB8C+1512252]
GetHandleVerifier [0x00C0B0DF+2214031]
GetHandleVerifier [0x00A64BC3+484211]
GetHandleVerifier [0x00A63E69+480793]
Ordinal0 [0x0098218D+2105741]
Ordinal0 [0x009866E8+2123496]
Ordinal0 [0x00986827+2123815]
Ordinal0 [0x0098FB73+2161523]
BaseThreadInitThunk [0x7639FA29+25]
RtlGetAppContainerNamedObjectPath [0x77B07A9E+286]
RtlGetAppContainerNamedObjectPath [0x77B07A6E+238]
]]>
            </message>
            <full-stacktrace>
              <![CDATA[org.openqa.selenium.SessionNotCreatedException: session not created: This version of ChromeDriver only supports Chrome version 91
Current browser version is 96.0.4664.93 with binary path C:\Program Files\Google\Chrome\Application\chrome.exe
Build info: version: '3.141.59', revision: 'e82be7d358', time: '2018-11-14T08:17:03'
System info: host: 'LAPTOP-5PE8I9M0', ip: '192.168.1.102', os.name: 'Windows 10', os.arch: 'amd64', os.version: '10.0', java.version: '1.8.0_171'
Driver info: driver.version: ChromeDriver
remote stacktrace: Backtrace:
Ordinal0 [0x009E3733+2504499]
Ordinal0 [0x0097C401+2081793]
Ordinal0 [0x00882628+1058344]
Ordinal0 [0x008A071A+1181466]
Ordinal0 [0x0089C58C+1164684]
Ordinal0 [0x00899DC3+1154499]
Ordinal0 [0x008C9B82+1350530]
Ordinal0 [0x008C97DA+1349594]
Ordinal0 [0x008C5D4B+1334603]
Ordinal0 [0x008A22B4+1188532]
Ordinal0 [0x008A3149+1192265]
GetHandleVerifier [0x00B5FB8C+1512252]
GetHandleVerifier [0x00C0B0DF+2214031]
GetHandleVerifier [0x00A64BC3+484211]
GetHandleVerifier [0x00A63E69+480793]
Ordinal0 [0x0098218D+2105741]
Ordinal0 [0x009866E8+2123496]
Ordinal0 [0x00986827+2123815]
Ordinal0 [0x0098FB73+2161523]
BaseThreadInitThunk [0x7639FA29+25]
RtlGetAppContainerNamedObjectPath [0x77B07A9E+286]
RtlGetAppContainerNamedObjectPath [0x77B07A6E+238]

at sun.reflect.NativeConstructorAccessorImpl.newInstance0(Native Method)
at sun.reflect.NativeConstructorAccessorImpl.newInstance(Unknown Source)
at sun.reflect.DelegatingConstructorAccessorImpl.newInstance(Unknown Source)
at java.lang.reflect.Constructor.newInstance(Unknown Source)
at org.openqa.selenium.remote.W3CHandshakeResponse.lambda$errorHandler$0(W3CHandshakeResponse.java:62)
at org.openqa.selenium.remote.HandshakeResponse.lambda$getResponseFunction$0(HandshakeResponse.java:30)
at org.openqa.selenium.remote.ProtocolHandshake.lambda$createSession$0(ProtocolHandshake.java:126)
at java.util.stream.ReferencePipeline$3$1.accept(Unknown Source)
at java.util.Spliterators$ArraySpliterator.tryAdvance(Unknown Source)
at java.util.stream.ReferencePipeline.forEachWithCancel(Unknown Source)
at java.util.stream.AbstractPipeline.copyIntoWithCancel(Unknown Source)
at java.util.stream.AbstractPipeline.copyInto(Unknown Source)
at java.util.stream.AbstractPipeline.wrapAndCopyInto(Unknown Source)
at java.util.stream.FindOps$FindOp.evaluateSequential(Unknown Source)
at java.util.stream.AbstractPipeline.evaluate(Unknown Source)
at java.util.stream.ReferencePipeline.findFirst(Unknown Source)
at org.openqa.selenium.remote.ProtocolHandshake.createSession(ProtocolHandshake.java:128)
at org.openqa.selenium.remote.ProtocolHandshake.createSession(ProtocolHandshake.java:74)
at org.openqa.selenium.remote.HttpCommandExecutor.execute(HttpCommandExecutor.java:136)
at org.openqa.selenium.remote.service.DriverCommandExecutor.execute(DriverCommandExecutor.java:83)
at org.openqa.selenium.remote.RemoteWebDriver.execute(RemoteWebDriver.java:552)
at org.openqa.selenium.remote.RemoteWebDriver.startSession(RemoteWebDriver.java:213)
at org.openqa.selenium.remote.RemoteWebDriver.<init>(RemoteWebDriver.java:131)
at org.openqa.selenium.chrome.ChromeDriver.<init>(ChromeDriver.java:181)
at org.openqa.selenium.chrome.ChromeDriver.<init>(ChromeDriver.java:168)
at org.openqa.selenium.chrome.ChromeDriver.<init>(ChromeDriver.java:123)
at com.flipkart.base.BaseClass.launchBrowser(BaseClass.java:38)
at com.flipkart.testExecution.MainTestExecution.initialization(MainTestExecution.java:31)
at sun.reflect.NativeMethodAccessorImpl.invoke0(Native Method)
at sun.reflect.NativeMethodAccessorImpl.invoke(Unknown Source)
at sun.reflect.DelegatingMethodAccessorImpl.invoke(Unknown Source)
at java.lang.reflect.Method.invoke(Unknown Source)
at org.testng.internal.MethodInvocationHelper.invokeMethod(MethodInvocationHelper.java:133)
at org.testng.internal.MethodInvocationHelper.invokeMethodConsideringTimeout(MethodInvocationHelper.java:62)
at org.testng.internal.ConfigInvoker.invokeConfigurationMethod(ConfigInvoker.java:385)
at org.testng.internal.ConfigInvoker.invokeConfigurations(ConfigInvoker.java:321)
at org.testng.internal.TestInvoker.runConfigMethods(TestInvoker.java:700)
at org.testng.internal.TestInvoker.invokeMethod(TestInvoker.java:527)
at org.testng.internal.TestInvoker.invokeTestMethod(TestInvoker.java:173)
at org.testng.internal.MethodRunner.runInSequence(MethodRunner.java:46)
at org.testng.internal.TestInvoker$MethodInvocationAgent.invoke(TestInvoker.java:824)
at org.testng.internal.TestInvoker.invokeTestMethods(TestInvoker.java:146)
at org.testng.internal.TestMethodWorker.invokeTestMethods(TestMethodWorker.java:146)
at org.testng.internal.TestMethodWorker.run(TestMethodWorker.java:128)
at java.util.ArrayList.forEach(Unknown Source)
at org.testng.TestRunner.privateRun(TestRunner.java:794)
at org.testng.TestRunner.run(TestRunner.java:596)
at org.testng.SuiteRunner.runTest(SuiteRunner.java:377)
at org.testng.SuiteRunner.runSequentially(SuiteRunner.java:371)
at org.testng.SuiteRunner.privateRun(SuiteRunner.java:332)
at org.testng.SuiteRunner.run(SuiteRunner.java:276)
at org.testng.SuiteRunnerWorker.runSuite(SuiteRunnerWorker.java:53)
at org.testng.SuiteRunnerWorker.run(SuiteRunnerWorker.java:96)
at org.testng.TestNG.runSuitesSequentially(TestNG.java:1212)
at org.testng.TestNG.runSuitesLocally(TestNG.java:1134)
at org.testng.TestNG.runSuites(TestNG.java:1063)
at org.testng.TestNG.run(TestNG.java:1031)
at org.testng.remote.AbstractRemoteTestNG.run(AbstractRemoteTestNG.java:115)
at org.testng.remote.RemoteTestNG.initAndRun(RemoteTestNG.java:251)
at org.testng.remote.RemoteTestNG.main(RemoteTestNG.java:77)
]]>
            </full-stacktrace>
          </exception> <!-- org.openqa.selenium.SessionNotCreatedException -->
          <reporter-output>
          </reporter-output>
        </test-method> <!-- Navigation -->
        <test-method status="SKIP" signature="closeBrowser()[pri:0, instance:com.flipkart.testExecution.MainTestExecution@64d2d351]" name="closeBrowser" is-config="true" duration-ms="-1638957869636" started-at="2021-12-08T15:34:29 IST" finished-at="1970-01-01T05:30:00 IST">
          <reporter-output>
          </reporter-output>
        </test-method> <!-- closeBrowser -->
        <test-method status="SKIP" signature="initialization()[pri:0, instance:com.flipkart.testExecution.MainTestExecution@64d2d351]" name="initialization" is-config="true" duration-ms="-1638957869649" started-at="2021-12-08T15:34:29 IST" finished-at="1970-01-01T05:30:00 IST">
          <reporter-output>
          </reporter-output>
        </test-method> <!-- initialization -->
        <test-method status="SKIP" signature="cursorOnElectronics()[pri:4, instance:com.flipkart.testExecution.MainTestExecution@64d2d351]" name="cursorOnElectronics" duration-ms="0" started-at="2021-12-08T15:34:29 IST" finished-at="2021-12-08T15:34:29 IST">
          <exception class="org.openqa.selenium.SessionNotCreatedException">
            <message>
              <![CDATA[session not created: This version of ChromeDriver only supports Chrome version 91
Current browser version is 96.0.4664.93 with binary path C:\Program Files\Google\Chrome\Application\chrome.exe
Build info: version: '3.141.59', revision: 'e82be7d358', time: '2018-11-14T08:17:03'
System info: host: 'LAPTOP-5PE8I9M0', ip: '192.168.1.102', os.name: 'Windows 10', os.arch: 'amd64', os.version: '10.0', java.version: '1.8.0_171'
Driver info: driver.version: ChromeDriver
remote stacktrace: Backtrace:
Ordinal0 [0x009E3733+2504499]
Ordinal0 [0x0097C401+2081793]
Ordinal0 [0x00882628+1058344]
Ordinal0 [0x008A071A+1181466]
Ordinal0 [0x0089C58C+1164684]
Ordinal0 [0x00899DC3+1154499]
Ordinal0 [0x008C9B82+1350530]
Ordinal0 [0x008C97DA+1349594]
Ordinal0 [0x008C5D4B+1334603]
Ordinal0 [0x008A22B4+1188532]
Ordinal0 [0x008A3149+1192265]
GetHandleVerifier [0x00B5FB8C+1512252]
GetHandleVerifier [0x00C0B0DF+2214031]
GetHandleVerifier [0x00A64BC3+484211]
GetHandleVerifier [0x00A63E69+480793]
Ordinal0 [0x0098218D+2105741]
Ordinal0 [0x009866E8+2123496]
Ordinal0 [0x00986827+2123815]
Ordinal0 [0x0098FB73+2161523]
BaseThreadInitThunk [0x7639FA29+25]
RtlGetAppContainerNamedObjectPath [0x77B07A9E+286]
RtlGetAppContainerNamedObjectPath [0x77B07A6E+238]
]]>
            </message>
            <full-stacktrace>
              <![CDATA[org.openqa.selenium.SessionNotCreatedException: session not created: This version of ChromeDriver only supports Chrome version 91
Current browser version is 96.0.4664.93 with binary path C:\Program Files\Google\Chrome\Application\chrome.exe
Build info: version: '3.141.59', revision: 'e82be7d358', time: '2018-11-14T08:17:03'
System info: host: 'LAPTOP-5PE8I9M0', ip: '192.168.1.102', os.name: 'Windows 10', os.arch: 'amd64', os.version: '10.0', java.version: '1.8.0_171'
Driver info: driver.version: ChromeDriver
remote stacktrace: Backtrace:
Ordinal0 [0x009E3733+2504499]
Ordinal0 [0x0097C401+2081793]
Ordinal0 [0x00882628+1058344]
Ordinal0 [0x008A071A+1181466]
Ordinal0 [0x0089C58C+1164684]
Ordinal0 [0x00899DC3+1154499]
Ordinal0 [0x008C9B82+1350530]
Ordinal0 [0x008C97DA+1349594]
Ordinal0 [0x008C5D4B+1334603]
Ordinal0 [0x008A22B4+1188532]
Ordinal0 [0x008A3149+1192265]
GetHandleVerifier [0x00B5FB8C+1512252]
GetHandleVerifier [0x00C0B0DF+2214031]
GetHandleVerifier [0x00A64BC3+484211]
GetHandleVerifier [0x00A63E69+480793]
Ordinal0 [0x0098218D+2105741]
Ordinal0 [0x009866E8+2123496]
Ordinal0 [0x00986827+2123815]
Ordinal0 [0x0098FB73+2161523]
BaseThreadInitThunk [0x7639FA29+25]
RtlGetAppContainerNamedObjectPath [0x77B07A9E+286]
RtlGetAppContainerNamedObjectPath [0x77B07A6E+238]

at sun.reflect.NativeConstructorAccessorImpl.newInstance0(Native Method)
at sun.reflect.NativeConstructorAccessorImpl.newInstance(Unknown Source)
at sun.reflect.DelegatingConstructorAccessorImpl.newInstance(Unknown Source)
at java.lang.reflect.Constructor.newInstance(Unknown Source)
at org.openqa.selenium.remote.W3CHandshakeResponse.lambda$errorHandler$0(W3CHandshakeResponse.java:62)
at org.openqa.selenium.remote.HandshakeResponse.lambda$getResponseFunction$0(HandshakeResponse.java:30)
at org.openqa.selenium.remote.ProtocolHandshake.lambda$createSession$0(ProtocolHandshake.java:126)
at java.util.stream.ReferencePipeline$3$1.accept(Unknown Source)
at java.util.Spliterators$ArraySpliterator.tryAdvance(Unknown Source)
at java.util.stream.ReferencePipeline.forEachWithCancel(Unknown Source)
at java.util.stream.AbstractPipeline.copyIntoWithCancel(Unknown Source)
at java.util.stream.AbstractPipeline.copyInto(Unknown Source)
at java.util.stream.AbstractPipeline.wrapAndCopyInto(Unknown Source)
at java.util.stream.FindOps$FindOp.evaluateSequential(Unknown Source)
at java.util.stream.AbstractPipeline.evaluate(Unknown Source)
at java.util.stream.ReferencePipeline.findFirst(Unknown Source)
at org.openqa.selenium.remote.ProtocolHandshake.createSession(ProtocolHandshake.java:128)
at org.openqa.selenium.remote.ProtocolHandshake.createSession(ProtocolHandshake.java:74)
at org.openqa.selenium.remote.HttpCommandExecutor.execute(HttpCommandExecutor.java:136)
at org.openqa.selenium.remote.service.DriverCommandExecutor.execute(DriverCommandExecutor.java:83)
at org.openqa.selenium.remote.RemoteWebDriver.execute(RemoteWebDriver.java:552)
at org.openqa.selenium.remote.RemoteWebDriver.startSession(RemoteWebDriver.java:213)
at org.openqa.selenium.remote.RemoteWebDriver.<init>(RemoteWebDriver.java:131)
at org.openqa.selenium.chrome.ChromeDriver.<init>(ChromeDriver.java:181)
at org.openqa.selenium.chrome.ChromeDriver.<init>(ChromeDriver.java:168)
at org.openqa.selenium.chrome.ChromeDriver.<init>(ChromeDriver.java:123)
at com.flipkart.base.BaseClass.launchBrowser(BaseClass.java:38)
at com.flipkart.testExecution.MainTestExecution.initialization(MainTestExecution.java:31)
at sun.reflect.NativeMethodAccessorImpl.invoke0(Native Method)
at sun.reflect.NativeMethodAccessorImpl.invoke(Unknown Source)
at sun.reflect.DelegatingMethodAccessorImpl.invoke(Unknown Source)
at java.lang.reflect.Method.invoke(Unknown Source)
at org.testng.internal.MethodInvocationHelper.invokeMethod(MethodInvocationHelper.java:133)
at org.testng.internal.MethodInvocationHelper.invokeMethodConsideringTimeout(MethodInvocationHelper.java:62)
at org.testng.internal.ConfigInvoker.invokeConfigurationMethod(ConfigInvoker.java:385)
at org.testng.internal.ConfigInvoker.invokeConfigurations(ConfigInvoker.java:321)
at org.testng.internal.TestInvoker.runConfigMethods(TestInvoker.java:700)
at org.testng.internal.TestInvoker.invokeMethod(TestInvoker.java:527)
at org.testng.internal.TestInvoker.invokeTestMethod(TestInvoker.java:173)
at org.testng.internal.MethodRunner.runInSequence(MethodRunner.java:46)
at org.testng.internal.TestInvoker$MethodInvocationAgent.invoke(TestInvoker.java:824)
at org.testng.internal.TestInvoker.invokeTestMethods(TestInvoker.java:146)
at org.testng.internal.TestMethodWorker.invokeTestMethods(TestMethodWorker.java:146)
at org.testng.internal.TestMethodWorker.run(TestMethodWorker.java:128)
at java.util.ArrayList.forEach(Unknown Source)
at org.testng.TestRunner.privateRun(TestRunner.java:794)
at org.testng.TestRunner.run(TestRunner.java:596)
at org.testng.SuiteRunner.runTest(SuiteRunner.java:377)
at org.testng.SuiteRunner.runSequentially(SuiteRunner.java:371)
at org.testng.SuiteRunner.privateRun(SuiteRunner.java:332)
at org.testng.SuiteRunner.run(SuiteRunner.java:276)
at org.testng.SuiteRunnerWorker.runSuite(SuiteRunnerWorker.java:53)
at org.testng.SuiteRunnerWorker.run(SuiteRunnerWorker.java:96)
at org.testng.TestNG.runSuitesSequentially(TestNG.java:1212)
at org.testng.TestNG.runSuitesLocally(TestNG.java:1134)
at org.testng.TestNG.runSuites(TestNG.java:1063)
at org.testng.TestNG.run(TestNG.java:1031)
at org.testng.remote.AbstractRemoteTestNG.run(AbstractRemoteTestNG.java:115)
at org.testng.remote.RemoteTestNG.initAndRun(RemoteTestNG.java:251)
at org.testng.remote.RemoteTestNG.main(RemoteTestNG.java:77)
]]>
            </full-stacktrace>
          </exception> <!-- org.openqa.selenium.SessionNotCreatedException -->
          <reporter-output>
          </reporter-output>
        </test-method> <!-- cursorOnElectronics -->
        <test-method status="SKIP" signature="closeBrowser()[pri:0, instance:com.flipkart.testExecution.MainTestExecution@64d2d351]" name="closeBrowser" is-config="true" duration-ms="-1638957869715" started-at="2021-12-08T15:34:29 IST" finished-at="1970-01-01T05:30:00 IST">
          <reporter-output>
          </reporter-output>
        </test-method> <!-- closeBrowser -->
        <test-method status="SKIP" signature="initialization()[pri:0, instance:com.flipkart.testExecution.MainTestExecution@64d2d351]" name="initialization" is-config="true" duration-ms="-1638957869722" started-at="2021-12-08T15:34:29 IST" finished-at="1970-01-01T05:30:00 IST">
          <reporter-output>
          </reporter-output>
        </test-method> <!-- initialization -->
        <test-method status="SKIP" signature="searchProduct()[pri:5, instance:com.flipkart.testExecution.MainTestExecution@64d2d351]" name="searchProduct" duration-ms="0" started-at="2021-12-08T15:34:29 IST" finished-at="2021-12-08T15:34:29 IST">
          <exception class="org.openqa.selenium.SessionNotCreatedException">
            <message>
              <![CDATA[session not created: This version of ChromeDriver only supports Chrome version 91
Current browser version is 96.0.4664.93 with binary path C:\Program Files\Google\Chrome\Application\chrome.exe
Build info: version: '3.141.59', revision: 'e82be7d358', time: '2018-11-14T08:17:03'
System info: host: 'LAPTOP-5PE8I9M0', ip: '192.168.1.102', os.name: 'Windows 10', os.arch: 'amd64', os.version: '10.0', java.version: '1.8.0_171'
Driver info: driver.version: ChromeDriver
remote stacktrace: Backtrace:
Ordinal0 [0x009E3733+2504499]
Ordinal0 [0x0097C401+2081793]
Ordinal0 [0x00882628+1058344]
Ordinal0 [0x008A071A+1181466]
Ordinal0 [0x0089C58C+1164684]
Ordinal0 [0x00899DC3+1154499]
Ordinal0 [0x008C9B82+1350530]
Ordinal0 [0x008C97DA+1349594]
Ordinal0 [0x008C5D4B+1334603]
Ordinal0 [0x008A22B4+1188532]
Ordinal0 [0x008A3149+1192265]
GetHandleVerifier [0x00B5FB8C+1512252]
GetHandleVerifier [0x00C0B0DF+2214031]
GetHandleVerifier [0x00A64BC3+484211]
GetHandleVerifier [0x00A63E69+480793]
Ordinal0 [0x0098218D+2105741]
Ordinal0 [0x009866E8+2123496]
Ordinal0 [0x00986827+2123815]
Ordinal0 [0x0098FB73+2161523]
BaseThreadInitThunk [0x7639FA29+25]
RtlGetAppContainerNamedObjectPath [0x77B07A9E+286]
RtlGetAppContainerNamedObjectPath [0x77B07A6E+238]
]]>
            </message>
            <full-stacktrace>
              <![CDATA[org.openqa.selenium.SessionNotCreatedException: session not created: This version of ChromeDriver only supports Chrome version 91
Current browser version is 96.0.4664.93 with binary path C:\Program Files\Google\Chrome\Application\chrome.exe
Build info: version: '3.141.59', revision: 'e82be7d358', time: '2018-11-14T08:17:03'
System info: host: 'LAPTOP-5PE8I9M0', ip: '192.168.1.102', os.name: 'Windows 10', os.arch: 'amd64', os.version: '10.0', java.version: '1.8.0_171'
Driver info: driver.version: ChromeDriver
remote stacktrace: Backtrace:
Ordinal0 [0x009E3733+2504499]
Ordinal0 [0x0097C401+2081793]
Ordinal0 [0x00882628+1058344]
Ordinal0 [0x008A071A+1181466]
Ordinal0 [0x0089C58C+1164684]
Ordinal0 [0x00899DC3+1154499]
Ordinal0 [0x008C9B82+1350530]
Ordinal0 [0x008C97DA+1349594]
Ordinal0 [0x008C5D4B+1334603]
Ordinal0 [0x008A22B4+1188532]
Ordinal0 [0x008A3149+1192265]
GetHandleVerifier [0x00B5FB8C+1512252]
GetHandleVerifier [0x00C0B0DF+2214031]
GetHandleVerifier [0x00A64BC3+484211]
GetHandleVerifier [0x00A63E69+480793]
Ordinal0 [0x0098218D+2105741]
Ordinal0 [0x009866E8+2123496]
Ordinal0 [0x00986827+2123815]
Ordinal0 [0x0098FB73+2161523]
BaseThreadInitThunk [0x7639FA29+25]
RtlGetAppContainerNamedObjectPath [0x77B07A9E+286]
RtlGetAppContainerNamedObjectPath [0x77B07A6E+238]

at sun.reflect.NativeConstructorAccessorImpl.newInstance0(Native Method)
at sun.reflect.NativeConstructorAccessorImpl.newInstance(Unknown Source)
at sun.reflect.DelegatingConstructorAccessorImpl.newInstance(Unknown Source)
at java.lang.reflect.Constructor.newInstance(Unknown Source)
at org.openqa.selenium.remote.W3CHandshakeResponse.lambda$errorHandler$0(W3CHandshakeResponse.java:62)
at org.openqa.selenium.remote.HandshakeResponse.lambda$getResponseFunction$0(HandshakeResponse.java:30)
at org.openqa.selenium.remote.ProtocolHandshake.lambda$createSession$0(ProtocolHandshake.java:126)
at java.util.stream.ReferencePipeline$3$1.accept(Unknown Source)
at java.util.Spliterators$ArraySpliterator.tryAdvance(Unknown Source)
at java.util.stream.ReferencePipeline.forEachWithCancel(Unknown Source)
at java.util.stream.AbstractPipeline.copyIntoWithCancel(Unknown Source)
at java.util.stream.AbstractPipeline.copyInto(Unknown Source)
at java.util.stream.AbstractPipeline.wrapAndCopyInto(Unknown Source)
at java.util.stream.FindOps$FindOp.evaluateSequential(Unknown Source)
at java.util.stream.AbstractPipeline.evaluate(Unknown Source)
at java.util.stream.ReferencePipeline.findFirst(Unknown Source)
at org.openqa.selenium.remote.ProtocolHandshake.createSession(ProtocolHandshake.java:128)
at org.openqa.selenium.remote.ProtocolHandshake.createSession(ProtocolHandshake.java:74)
at org.openqa.selenium.remote.HttpCommandExecutor.execute(HttpCommandExecutor.java:136)
at org.openqa.selenium.remote.service.DriverCommandExecutor.execute(DriverCommandExecutor.java:83)
at org.openqa.selenium.remote.RemoteWebDriver.execute(RemoteWebDriver.java:552)
at org.openqa.selenium.remote.RemoteWebDriver.startSession(RemoteWebDriver.java:213)
at org.openqa.selenium.remote.RemoteWebDriver.<init>(RemoteWebDriver.java:131)
at org.openqa.selenium.chrome.ChromeDriver.<init>(ChromeDriver.java:181)
at org.openqa.selenium.chrome.ChromeDriver.<init>(ChromeDriver.java:168)
at org.openqa.selenium.chrome.ChromeDriver.<init>(ChromeDriver.java:123)
at com.flipkart.base.BaseClass.launchBrowser(BaseClass.java:38)
at com.flipkart.testExecution.MainTestExecution.initialization(MainTestExecution.java:31)
at sun.reflect.NativeMethodAccessorImpl.invoke0(Native Method)
at sun.reflect.NativeMethodAccessorImpl.invoke(Unknown Source)
at sun.reflect.DelegatingMethodAccessorImpl.invoke(Unknown Source)
at java.lang.reflect.Method.invoke(Unknown Source)
at org.testng.internal.MethodInvocationHelper.invokeMethod(MethodInvocationHelper.java:133)
at org.testng.internal.MethodInvocationHelper.invokeMethodConsideringTimeout(MethodInvocationHelper.java:62)
at org.testng.internal.ConfigInvoker.invokeConfigurationMethod(ConfigInvoker.java:385)
at org.testng.internal.ConfigInvoker.invokeConfigurations(ConfigInvoker.java:321)
at org.testng.internal.TestInvoker.runConfigMethods(TestInvoker.java:700)
at org.testng.internal.TestInvoker.invokeMethod(TestInvoker.java:527)
at org.testng.internal.TestInvoker.invokeTestMethod(TestInvoker.java:173)
at org.testng.internal.MethodRunner.runInSequence(MethodRunner.java:46)
at org.testng.internal.TestInvoker$MethodInvocationAgent.invoke(TestInvoker.java:824)
at org.testng.internal.TestInvoker.invokeTestMethods(TestInvoker.java:146)
at org.testng.internal.TestMethodWorker.invokeTestMethods(TestMethodWorker.java:146)
at org.testng.internal.TestMethodWorker.run(TestMethodWorker.java:128)
at java.util.ArrayList.forEach(Unknown Source)
at org.testng.TestRunner.privateRun(TestRunner.java:794)
at org.testng.TestRunner.run(TestRunner.java:596)
at org.testng.SuiteRunner.runTest(SuiteRunner.java:377)
at org.testng.SuiteRunner.runSequentially(SuiteRunner.java:371)
at org.testng.SuiteRunner.privateRun(SuiteRunner.java:332)
at org.testng.SuiteRunner.run(SuiteRunner.java:276)
at org.testng.SuiteRunnerWorker.runSuite(SuiteRunnerWorker.java:53)
at org.testng.SuiteRunnerWorker.run(SuiteRunnerWorker.java:96)
at org.testng.TestNG.runSuitesSequentially(TestNG.java:1212)
at org.testng.TestNG.runSuitesLocally(TestNG.java:1134)
at org.testng.TestNG.runSuites(TestNG.java:1063)
at org.testng.TestNG.run(TestNG.java:1031)
at org.testng.remote.AbstractRemoteTestNG.run(AbstractRemoteTestNG.java:115)
at org.testng.remote.RemoteTestNG.initAndRun(RemoteTestNG.java:251)
at org.testng.remote.RemoteTestNG.main(RemoteTestNG.java:77)
]]>
            </full-stacktrace>
          </exception> <!-- org.openqa.selenium.SessionNotCreatedException -->
          <reporter-output>
          </reporter-output>
        </test-method> <!-- searchProduct -->
        <test-method status="SKIP" signature="closeBrowser()[pri:0, instance:com.flipkart.testExecution.MainTestExecution@64d2d351]" name="closeBrowser" is-config="true" duration-ms="-1638957869752" started-at="2021-12-08T15:34:29 IST" finished-at="1970-01-01T05:30:00 IST">
          <reporter-output>
          </reporter-output>
        </test-method> <!-- closeBrowser -->
        <test-method status="SKIP" signature="initialization()[pri:0, instance:com.flipkart.testExecution.MainTestExecution@64d2d351]" name="initialization" is-config="true" duration-ms="-1638957869764" started-at="2021-12-08T15:34:29 IST" finished-at="1970-01-01T05:30:00 IST">
          <reporter-output>
          </reporter-output>
        </test-method> <!-- initialization -->
        <test-method status="SKIP" signature="selectFlights()[pri:6, instance:com.flipkart.testExecution.MainTestExecution@64d2d351]" name="selectFlights" duration-ms="0" started-at="2021-12-08T15:34:29 IST" finished-at="2021-12-08T15:34:29 IST">
          <exception class="org.openqa.selenium.SessionNotCreatedException">
            <message>
              <![CDATA[session not created: This version of ChromeDriver only supports Chrome version 91
Current browser version is 96.0.4664.93 with binary path C:\Program Files\Google\Chrome\Application\chrome.exe
Build info: version: '3.141.59', revision: 'e82be7d358', time: '2018-11-14T08:17:03'
System info: host: 'LAPTOP-5PE8I9M0', ip: '192.168.1.102', os.name: 'Windows 10', os.arch: 'amd64', os.version: '10.0', java.version: '1.8.0_171'
Driver info: driver.version: ChromeDriver
remote stacktrace: Backtrace:
Ordinal0 [0x009E3733+2504499]
Ordinal0 [0x0097C401+2081793]
Ordinal0 [0x00882628+1058344]
Ordinal0 [0x008A071A+1181466]
Ordinal0 [0x0089C58C+1164684]
Ordinal0 [0x00899DC3+1154499]
Ordinal0 [0x008C9B82+1350530]
Ordinal0 [0x008C97DA+1349594]
Ordinal0 [0x008C5D4B+1334603]
Ordinal0 [0x008A22B4+1188532]
Ordinal0 [0x008A3149+1192265]
GetHandleVerifier [0x00B5FB8C+1512252]
GetHandleVerifier [0x00C0B0DF+2214031]
GetHandleVerifier [0x00A64BC3+484211]
GetHandleVerifier [0x00A63E69+480793]
Ordinal0 [0x0098218D+2105741]
Ordinal0 [0x009866E8+2123496]
Ordinal0 [0x00986827+2123815]
Ordinal0 [0x0098FB73+2161523]
BaseThreadInitThunk [0x7639FA29+25]
RtlGetAppContainerNamedObjectPath [0x77B07A9E+286]
RtlGetAppContainerNamedObjectPath [0x77B07A6E+238]
]]>
            </message>
            <full-stacktrace>
              <![CDATA[org.openqa.selenium.SessionNotCreatedException: session not created: This version of ChromeDriver only supports Chrome version 91
Current browser version is 96.0.4664.93 with binary path C:\Program Files\Google\Chrome\Application\chrome.exe
Build info: version: '3.141.59', revision: 'e82be7d358', time: '2018-11-14T08:17:03'
System info: host: 'LAPTOP-5PE8I9M0', ip: '192.168.1.102', os.name: 'Windows 10', os.arch: 'amd64', os.version: '10.0', java.version: '1.8.0_171'
Driver info: driver.version: ChromeDriver
remote stacktrace: Backtrace:
Ordinal0 [0x009E3733+2504499]
Ordinal0 [0x0097C401+2081793]
Ordinal0 [0x00882628+1058344]
Ordinal0 [0x008A071A+1181466]
Ordinal0 [0x0089C58C+1164684]
Ordinal0 [0x00899DC3+1154499]
Ordinal0 [0x008C9B82+1350530]
Ordinal0 [0x008C97DA+1349594]
Ordinal0 [0x008C5D4B+1334603]
Ordinal0 [0x008A22B4+1188532]
Ordinal0 [0x008A3149+1192265]
GetHandleVerifier [0x00B5FB8C+1512252]
GetHandleVerifier [0x00C0B0DF+2214031]
GetHandleVerifier [0x00A64BC3+484211]
GetHandleVerifier [0x00A63E69+480793]
Ordinal0 [0x0098218D+2105741]
Ordinal0 [0x009866E8+2123496]
Ordinal0 [0x00986827+2123815]
Ordinal0 [0x0098FB73+2161523]
BaseThreadInitThunk [0x7639FA29+25]
RtlGetAppContainerNamedObjectPath [0x77B07A9E+286]
RtlGetAppContainerNamedObjectPath [0x77B07A6E+238]

at sun.reflect.NativeConstructorAccessorImpl.newInstance0(Native Method)
at sun.reflect.NativeConstructorAccessorImpl.newInstance(Unknown Source)
at sun.reflect.DelegatingConstructorAccessorImpl.newInstance(Unknown Source)
at java.lang.reflect.Constructor.newInstance(Unknown Source)
at org.openqa.selenium.remote.W3CHandshakeResponse.lambda$errorHandler$0(W3CHandshakeResponse.java:62)
at org.openqa.selenium.remote.HandshakeResponse.lambda$getResponseFunction$0(HandshakeResponse.java:30)
at org.openqa.selenium.remote.ProtocolHandshake.lambda$createSession$0(ProtocolHandshake.java:126)
at java.util.stream.ReferencePipeline$3$1.accept(Unknown Source)
at java.util.Spliterators$ArraySpliterator.tryAdvance(Unknown Source)
at java.util.stream.ReferencePipeline.forEachWithCancel(Unknown Source)
at java.util.stream.AbstractPipeline.copyIntoWithCancel(Unknown Source)
at java.util.stream.AbstractPipeline.copyInto(Unknown Source)
at java.util.stream.AbstractPipeline.wrapAndCopyInto(Unknown Source)
at java.util.stream.FindOps$FindOp.evaluateSequential(Unknown Source)
at java.util.stream.AbstractPipeline.evaluate(Unknown Source)
at java.util.stream.ReferencePipeline.findFirst(Unknown Source)
at org.openqa.selenium.remote.ProtocolHandshake.createSession(ProtocolHandshake.java:128)
at org.openqa.selenium.remote.ProtocolHandshake.createSession(ProtocolHandshake.java:74)
at org.openqa.selenium.remote.HttpCommandExecutor.execute(HttpCommandExecutor.java:136)
at org.openqa.selenium.remote.service.DriverCommandExecutor.execute(DriverCommandExecutor.java:83)
at org.openqa.selenium.remote.RemoteWebDriver.execute(RemoteWebDriver.java:552)
at org.openqa.selenium.remote.RemoteWebDriver.startSession(RemoteWebDriver.java:213)
at org.openqa.selenium.remote.RemoteWebDriver.<init>(RemoteWebDriver.java:131)
at org.openqa.selenium.chrome.ChromeDriver.<init>(ChromeDriver.java:181)
at org.openqa.selenium.chrome.ChromeDriver.<init>(ChromeDriver.java:168)
at org.openqa.selenium.chrome.ChromeDriver.<init>(ChromeDriver.java:123)
at com.flipkart.base.BaseClass.launchBrowser(BaseClass.java:38)
at com.flipkart.testExecution.MainTestExecution.initialization(MainTestExecution.java:31)
at sun.reflect.NativeMethodAccessorImpl.invoke0(Native Method)
at sun.reflect.NativeMethodAccessorImpl.invoke(Unknown Source)
at sun.reflect.DelegatingMethodAccessorImpl.invoke(Unknown Source)
at java.lang.reflect.Method.invoke(Unknown Source)
at org.testng.internal.MethodInvocationHelper.invokeMethod(MethodInvocationHelper.java:133)
at org.testng.internal.MethodInvocationHelper.invokeMethodConsideringTimeout(MethodInvocationHelper.java:62)
at org.testng.internal.ConfigInvoker.invokeConfigurationMethod(ConfigInvoker.java:385)
at org.testng.internal.ConfigInvoker.invokeConfigurations(ConfigInvoker.java:321)
at org.testng.internal.TestInvoker.runConfigMethods(TestInvoker.java:700)
at org.testng.internal.TestInvoker.invokeMethod(TestInvoker.java:527)
at org.testng.internal.TestInvoker.invokeTestMethod(TestInvoker.java:173)
at org.testng.internal.MethodRunner.runInSequence(MethodRunner.java:46)
at org.testng.internal.TestInvoker$MethodInvocationAgent.invoke(TestInvoker.java:824)
at org.testng.internal.TestInvoker.invokeTestMethods(TestInvoker.java:146)
at org.testng.internal.TestMethodWorker.invokeTestMethods(TestMethodWorker.java:146)
at org.testng.internal.TestMethodWorker.run(TestMethodWorker.java:128)
at java.util.ArrayList.forEach(Unknown Source)
at org.testng.TestRunner.privateRun(TestRunner.java:794)
at org.testng.TestRunner.run(TestRunner.java:596)
at org.testng.SuiteRunner.runTest(SuiteRunner.java:377)
at org.testng.SuiteRunner.runSequentially(SuiteRunner.java:371)
at org.testng.SuiteRunner.privateRun(SuiteRunner.java:332)
at org.testng.SuiteRunner.run(SuiteRunner.java:276)
at org.testng.SuiteRunnerWorker.runSuite(SuiteRunnerWorker.java:53)
at org.testng.SuiteRunnerWorker.run(SuiteRunnerWorker.java:96)
at org.testng.TestNG.runSuitesSequentially(TestNG.java:1212)
at org.testng.TestNG.runSuitesLocally(TestNG.java:1134)
at org.testng.TestNG.runSuites(TestNG.java:1063)
at org.testng.TestNG.run(TestNG.java:1031)
at org.testng.remote.AbstractRemoteTestNG.run(AbstractRemoteTestNG.java:115)
at org.testng.remote.RemoteTestNG.initAndRun(RemoteTestNG.java:251)
at org.testng.remote.RemoteTestNG.main(RemoteTestNG.java:77)
]]>
            </full-stacktrace>
          </exception> <!-- org.openqa.selenium.SessionNotCreatedException -->
          <reporter-output>
          </reporter-output>
        </test-method> <!-- selectFlights -->
        <test-method status="SKIP" signature="closeBrowser()[pri:0, instance:com.flipkart.testExecution.MainTestExecution@64d2d351]" name="closeBrowser" is-config="true" duration-ms="-1638957869866" started-at="2021-12-08T15:34:29 IST" finished-at="1970-01-01T05:30:00 IST">
          <reporter-output>
          </reporter-output>
        </test-method> <!-- closeBrowser -->
        <test-method status="SKIP" signature="initialization()[pri:0, instance:com.flipkart.testExecution.MainTestExecution@64d2d351]" name="initialization" is-config="true" duration-ms="-1638957869886" started-at="2021-12-08T15:34:29 IST" finished-at="1970-01-01T05:30:00 IST">
          <reporter-output>
          </reporter-output>
        </test-method> <!-- initialization -->
        <test-method status="SKIP" signature="selectToys()[pri:7, instance:com.flipkart.testExecution.MainTestExecution@64d2d351]" name="selectToys" duration-ms="0" started-at="2021-12-08T15:34:29 IST" finished-at="2021-12-08T15:34:29 IST">
          <exception class="org.openqa.selenium.SessionNotCreatedException">
            <message>
              <![CDATA[session not created: This version of ChromeDriver only supports Chrome version 91
Current browser version is 96.0.4664.93 with binary path C:\Program Files\Google\Chrome\Application\chrome.exe
Build info: version: '3.141.59', revision: 'e82be7d358', time: '2018-11-14T08:17:03'
System info: host: 'LAPTOP-5PE8I9M0', ip: '192.168.1.102', os.name: 'Windows 10', os.arch: 'amd64', os.version: '10.0', java.version: '1.8.0_171'
Driver info: driver.version: ChromeDriver
remote stacktrace: Backtrace:
Ordinal0 [0x009E3733+2504499]
Ordinal0 [0x0097C401+2081793]
Ordinal0 [0x00882628+1058344]
Ordinal0 [0x008A071A+1181466]
Ordinal0 [0x0089C58C+1164684]
Ordinal0 [0x00899DC3+1154499]
Ordinal0 [0x008C9B82+1350530]
Ordinal0 [0x008C97DA+1349594]
Ordinal0 [0x008C5D4B+1334603]
Ordinal0 [0x008A22B4+1188532]
Ordinal0 [0x008A3149+1192265]
GetHandleVerifier [0x00B5FB8C+1512252]
GetHandleVerifier [0x00C0B0DF+2214031]
GetHandleVerifier [0x00A64BC3+484211]
GetHandleVerifier [0x00A63E69+480793]
Ordinal0 [0x0098218D+2105741]
Ordinal0 [0x009866E8+2123496]
Ordinal0 [0x00986827+2123815]
Ordinal0 [0x0098FB73+2161523]
BaseThreadInitThunk [0x7639FA29+25]
RtlGetAppContainerNamedObjectPath [0x77B07A9E+286]
RtlGetAppContainerNamedObjectPath [0x77B07A6E+238]
]]>
            </message>
            <full-stacktrace>
              <![CDATA[org.openqa.selenium.SessionNotCreatedException: session not created: This version of ChromeDriver only supports Chrome version 91
Current browser version is 96.0.4664.93 with binary path C:\Program Files\Google\Chrome\Application\chrome.exe
Build info: version: '3.141.59', revision: 'e82be7d358', time: '2018-11-14T08:17:03'
System info: host: 'LAPTOP-5PE8I9M0', ip: '192.168.1.102', os.name: 'Windows 10', os.arch: 'amd64', os.version: '10.0', java.version: '1.8.0_171'
Driver info: driver.version: ChromeDriver
remote stacktrace: Backtrace:
Ordinal0 [0x009E3733+2504499]
Ordinal0 [0x0097C401+2081793]
Ordinal0 [0x00882628+1058344]
Ordinal0 [0x008A071A+1181466]
Ordinal0 [0x0089C58C+1164684]
Ordinal0 [0x00899DC3+1154499]
Ordinal0 [0x008C9B82+1350530]
Ordinal0 [0x008C97DA+1349594]
Ordinal0 [0x008C5D4B+1334603]
Ordinal0 [0x008A22B4+1188532]
Ordinal0 [0x008A3149+1192265]
GetHandleVerifier [0x00B5FB8C+1512252]
GetHandleVerifier [0x00C0B0DF+2214031]
GetHandleVerifier [0x00A64BC3+484211]
GetHandleVerifier [0x00A63E69+480793]
Ordinal0 [0x0098218D+2105741]
Ordinal0 [0x009866E8+2123496]
Ordinal0 [0x00986827+2123815]
Ordinal0 [0x0098FB73+2161523]
BaseThreadInitThunk [0x7639FA29+25]
RtlGetAppContainerNamedObjectPath [0x77B07A9E+286]
RtlGetAppContainerNamedObjectPath [0x77B07A6E+238]

at sun.reflect.NativeConstructorAccessorImpl.newInstance0(Native Method)
at sun.reflect.NativeConstructorAccessorImpl.newInstance(Unknown Source)
at sun.reflect.DelegatingConstructorAccessorImpl.newInstance(Unknown Source)
at java.lang.reflect.Constructor.newInstance(Unknown Source)
at org.openqa.selenium.remote.W3CHandshakeResponse.lambda$errorHandler$0(W3CHandshakeResponse.java:62)
at org.openqa.selenium.remote.HandshakeResponse.lambda$getResponseFunction$0(HandshakeResponse.java:30)
at org.openqa.selenium.remote.ProtocolHandshake.lambda$createSession$0(ProtocolHandshake.java:126)
at java.util.stream.ReferencePipeline$3$1.accept(Unknown Source)
at java.util.Spliterators$ArraySpliterator.tryAdvance(Unknown Source)
at java.util.stream.ReferencePipeline.forEachWithCancel(Unknown Source)
at java.util.stream.AbstractPipeline.copyIntoWithCancel(Unknown Source)
at java.util.stream.AbstractPipeline.copyInto(Unknown Source)
at java.util.stream.AbstractPipeline.wrapAndCopyInto(Unknown Source)
at java.util.stream.FindOps$FindOp.evaluateSequential(Unknown Source)
at java.util.stream.AbstractPipeline.evaluate(Unknown Source)
at java.util.stream.ReferencePipeline.findFirst(Unknown Source)
at org.openqa.selenium.remote.ProtocolHandshake.createSession(ProtocolHandshake.java:128)
at org.openqa.selenium.remote.ProtocolHandshake.createSession(ProtocolHandshake.java:74)
at org.openqa.selenium.remote.HttpCommandExecutor.execute(HttpCommandExecutor.java:136)
at org.openqa.selenium.remote.service.DriverCommandExecutor.execute(DriverCommandExecutor.java:83)
at org.openqa.selenium.remote.RemoteWebDriver.execute(RemoteWebDriver.java:552)
at org.openqa.selenium.remote.RemoteWebDriver.startSession(RemoteWebDriver.java:213)
at org.openqa.selenium.remote.RemoteWebDriver.<init>(RemoteWebDriver.java:131)
at org.openqa.selenium.chrome.ChromeDriver.<init>(ChromeDriver.java:181)
at org.openqa.selenium.chrome.ChromeDriver.<init>(ChromeDriver.java:168)
at org.openqa.selenium.chrome.ChromeDriver.<init>(ChromeDriver.java:123)
at com.flipkart.base.BaseClass.launchBrowser(BaseClass.java:38)
at com.flipkart.testExecution.MainTestExecution.initialization(MainTestExecution.java:31)
at sun.reflect.NativeMethodAccessorImpl.invoke0(Native Method)
at sun.reflect.NativeMethodAccessorImpl.invoke(Unknown Source)
at sun.reflect.DelegatingMethodAccessorImpl.invoke(Unknown Source)
at java.lang.reflect.Method.invoke(Unknown Source)
at org.testng.internal.MethodInvocationHelper.invokeMethod(MethodInvocationHelper.java:133)
at org.testng.internal.MethodInvocationHelper.invokeMethodConsideringTimeout(MethodInvocationHelper.java:62)
at org.testng.internal.ConfigInvoker.invokeConfigurationMethod(ConfigInvoker.java:385)
at org.testng.internal.ConfigInvoker.invokeConfigurations(ConfigInvoker.java:321)
at org.testng.internal.TestInvoker.runConfigMethods(TestInvoker.java:700)
at org.testng.internal.TestInvoker.invokeMethod(TestInvoker.java:527)
at org.testng.internal.TestInvoker.invokeTestMethod(TestInvoker.java:173)
at org.testng.internal.MethodRunner.runInSequence(MethodRunner.java:46)
at org.testng.internal.TestInvoker$MethodInvocationAgent.invoke(TestInvoker.java:824)
at org.testng.internal.TestInvoker.invokeTestMethods(TestInvoker.java:146)
at org.testng.internal.TestMethodWorker.invokeTestMethods(TestMethodWorker.java:146)
at org.testng.internal.TestMethodWorker.run(TestMethodWorker.java:128)
at java.util.ArrayList.forEach(Unknown Source)
at org.testng.TestRunner.privateRun(TestRunner.java:794)
at org.testng.TestRunner.run(TestRunner.java:596)
at org.testng.SuiteRunner.runTest(SuiteRunner.java:377)
at org.testng.SuiteRunner.runSequentially(SuiteRunner.java:371)
at org.testng.SuiteRunner.privateRun(SuiteRunner.java:332)
at org.testng.SuiteRunner.run(SuiteRunner.java:276)
at org.testng.SuiteRunnerWorker.runSuite(SuiteRunnerWorker.java:53)
at org.testng.SuiteRunnerWorker.run(SuiteRunnerWorker.java:96)
at org.testng.TestNG.runSuitesSequentially(TestNG.java:1212)
at org.testng.TestNG.runSuitesLocally(TestNG.java:1134)
at org.testng.TestNG.runSuites(TestNG.java:1063)
at org.testng.TestNG.run(TestNG.java:1031)
at org.testng.remote.AbstractRemoteTestNG.run(AbstractRemoteTestNG.java:115)
at org.testng.remote.RemoteTestNG.initAndRun(RemoteTestNG.java:251)
at org.testng.remote.RemoteTestNG.main(RemoteTestNG.java:77)
]]>
            </full-stacktrace>
          </exception> <!-- org.openqa.selenium.SessionNotCreatedException -->
          <reporter-output>
          </reporter-output>
        </test-method> <!-- selectToys -->
        <test-method status="SKIP" signature="closeBrowser()[pri:0, instance:com.flipkart.testExecution.MainTestExecution@64d2d351]" name="closeBrowser" is-config="true" duration-ms="-1638957869899" started-at="2021-12-08T15:34:29 IST" finished-at="1970-01-01T05:30:00 IST">
          <reporter-output>
          </reporter-output>
        </test-method> <!-- closeBrowser -->
        <test-method status="SKIP" signature="initialization()[pri:0, instance:com.flipkart.testExecution.MainTestExecution@64d2d351]" name="initialization" is-config="true" duration-ms="-1638957869917" started-at="2021-12-08T15:34:29 IST" finished-at="1970-01-01T05:30:00 IST">
          <reporter-output>
          </reporter-output>
        </test-method> <!-- initialization -->
        <test-method status="SKIP" signature="selectTshirt()[pri:8, instance:com.flipkart.testExecution.MainTestExecution@64d2d351]" name="selectTshirt" duration-ms="0" started-at="2021-12-08T15:34:29 IST" finished-at="2021-12-08T15:34:29 IST">
          <exception class="org.openqa.selenium.SessionNotCreatedException">
            <message>
              <![CDATA[session not created: This version of ChromeDriver only supports Chrome version 91
Current browser version is 96.0.4664.93 with binary path C:\Program Files\Google\Chrome\Application\chrome.exe
Build info: version: '3.141.59', revision: 'e82be7d358', time: '2018-11-14T08:17:03'
System info: host: 'LAPTOP-5PE8I9M0', ip: '192.168.1.102', os.name: 'Windows 10', os.arch: 'amd64', os.version: '10.0', java.version: '1.8.0_171'
Driver info: driver.version: ChromeDriver
remote stacktrace: Backtrace:
Ordinal0 [0x009E3733+2504499]
Ordinal0 [0x0097C401+2081793]
Ordinal0 [0x00882628+1058344]
Ordinal0 [0x008A071A+1181466]
Ordinal0 [0x0089C58C+1164684]
Ordinal0 [0x00899DC3+1154499]
Ordinal0 [0x008C9B82+1350530]
Ordinal0 [0x008C97DA+1349594]
Ordinal0 [0x008C5D4B+1334603]
Ordinal0 [0x008A22B4+1188532]
Ordinal0 [0x008A3149+1192265]
GetHandleVerifier [0x00B5FB8C+1512252]
GetHandleVerifier [0x00C0B0DF+2214031]
GetHandleVerifier [0x00A64BC3+484211]
GetHandleVerifier [0x00A63E69+480793]
Ordinal0 [0x0098218D+2105741]
Ordinal0 [0x009866E8+2123496]
Ordinal0 [0x00986827+2123815]
Ordinal0 [0x0098FB73+2161523]
BaseThreadInitThunk [0x7639FA29+25]
RtlGetAppContainerNamedObjectPath [0x77B07A9E+286]
RtlGetAppContainerNamedObjectPath [0x77B07A6E+238]
]]>
            </message>
            <full-stacktrace>
              <![CDATA[org.openqa.selenium.SessionNotCreatedException: session not created: This version of ChromeDriver only supports Chrome version 91
Current browser version is 96.0.4664.93 with binary path C:\Program Files\Google\Chrome\Application\chrome.exe
Build info: version: '3.141.59', revision: 'e82be7d358', time: '2018-11-14T08:17:03'
System info: host: 'LAPTOP-5PE8I9M0', ip: '192.168.1.102', os.name: 'Windows 10', os.arch: 'amd64', os.version: '10.0', java.version: '1.8.0_171'
Driver info: driver.version: ChromeDriver
remote stacktrace: Backtrace:
Ordinal0 [0x009E3733+2504499]
Ordinal0 [0x0097C401+2081793]
Ordinal0 [0x00882628+1058344]
Ordinal0 [0x008A071A+1181466]
Ordinal0 [0x0089C58C+1164684]
Ordinal0 [0x00899DC3+1154499]
Ordinal0 [0x008C9B82+1350530]
Ordinal0 [0x008C97DA+1349594]
Ordinal0 [0x008C5D4B+1334603]
Ordinal0 [0x008A22B4+1188532]
Ordinal0 [0x008A3149+1192265]
GetHandleVerifier [0x00B5FB8C+1512252]
GetHandleVerifier [0x00C0B0DF+2214031]
GetHandleVerifier [0x00A64BC3+484211]
GetHandleVerifier [0x00A63E69+480793]
Ordinal0 [0x0098218D+2105741]
Ordinal0 [0x009866E8+2123496]
Ordinal0 [0x00986827+2123815]
Ordinal0 [0x0098FB73+2161523]
BaseThreadInitThunk [0x7639FA29+25]
RtlGetAppContainerNamedObjectPath [0x77B07A9E+286]
RtlGetAppContainerNamedObjectPath [0x77B07A6E+238]

at sun.reflect.NativeConstructorAccessorImpl.newInstance0(Native Method)
at sun.reflect.NativeConstructorAccessorImpl.newInstance(Unknown Source)
at sun.reflect.DelegatingConstructorAccessorImpl.newInstance(Unknown Source)
at java.lang.reflect.Constructor.newInstance(Unknown Source)
at org.openqa.selenium.remote.W3CHandshakeResponse.lambda$errorHandler$0(W3CHandshakeResponse.java:62)
at org.openqa.selenium.remote.HandshakeResponse.lambda$getResponseFunction$0(HandshakeResponse.java:30)
at org.openqa.selenium.remote.ProtocolHandshake.lambda$createSession$0(ProtocolHandshake.java:126)
at java.util.stream.ReferencePipeline$3$1.accept(Unknown Source)
at java.util.Spliterators$ArraySpliterator.tryAdvance(Unknown Source)
at java.util.stream.ReferencePipeline.forEachWithCancel(Unknown Source)
at java.util.stream.AbstractPipeline.copyIntoWithCancel(Unknown Source)
at java.util.stream.AbstractPipeline.copyInto(Unknown Source)
at java.util.stream.AbstractPipeline.wrapAndCopyInto(Unknown Source)
at java.util.stream.FindOps$FindOp.evaluateSequential(Unknown Source)
at java.util.stream.AbstractPipeline.evaluate(Unknown Source)
at java.util.stream.ReferencePipeline.findFirst(Unknown Source)
at org.openqa.selenium.remote.ProtocolHandshake.createSession(ProtocolHandshake.java:128)
at org.openqa.selenium.remote.ProtocolHandshake.createSession(ProtocolHandshake.java:74)
at org.openqa.selenium.remote.HttpCommandExecutor.execute(HttpCommandExecutor.java:136)
at org.openqa.selenium.remote.service.DriverCommandExecutor.execute(DriverCommandExecutor.java:83)
at org.openqa.selenium.remote.RemoteWebDriver.execute(RemoteWebDriver.java:552)
at org.openqa.selenium.remote.RemoteWebDriver.startSession(RemoteWebDriver.java:213)
at org.openqa.selenium.remote.RemoteWebDriver.<init>(RemoteWebDriver.java:131)
at org.openqa.selenium.chrome.ChromeDriver.<init>(ChromeDriver.java:181)
at org.openqa.selenium.chrome.ChromeDriver.<init>(ChromeDriver.java:168)
at org.openqa.selenium.chrome.ChromeDriver.<init>(ChromeDriver.java:123)
at com.flipkart.base.BaseClass.launchBrowser(BaseClass.java:38)
at com.flipkart.testExecution.MainTestExecution.initialization(MainTestExecution.java:31)
at sun.reflect.NativeMethodAccessorImpl.invoke0(Native Method)
at sun.reflect.NativeMethodAccessorImpl.invoke(Unknown Source)
at sun.reflect.DelegatingMethodAccessorImpl.invoke(Unknown Source)
at java.lang.reflect.Method.invoke(Unknown Source)
at org.testng.internal.MethodInvocationHelper.invokeMethod(MethodInvocationHelper.java:133)
at org.testng.internal.MethodInvocationHelper.invokeMethodConsideringTimeout(MethodInvocationHelper.java:62)
at org.testng.internal.ConfigInvoker.invokeConfigurationMethod(ConfigInvoker.java:385)
at org.testng.internal.ConfigInvoker.invokeConfigurations(ConfigInvoker.java:321)
at org.testng.internal.TestInvoker.runConfigMethods(TestInvoker.java:700)
at org.testng.internal.TestInvoker.invokeMethod(TestInvoker.java:527)
at org.testng.internal.TestInvoker.invokeTestMethod(TestInvoker.java:173)
at org.testng.internal.MethodRunner.runInSequence(MethodRunner.java:46)
at org.testng.internal.TestInvoker$MethodInvocationAgent.invoke(TestInvoker.java:824)
at org.testng.internal.TestInvoker.invokeTestMethods(TestInvoker.java:146)
at org.testng.internal.TestMethodWorker.invokeTestMethods(TestMethodWorker.java:146)
at org.testng.internal.TestMethodWorker.run(TestMethodWorker.java:128)
at java.util.ArrayList.forEach(Unknown Source)
at org.testng.TestRunner.privateRun(TestRunner.java:794)
at org.testng.TestRunner.run(TestRunner.java:596)
at org.testng.SuiteRunner.runTest(SuiteRunner.java:377)
at org.testng.SuiteRunner.runSequentially(SuiteRunner.java:371)
at org.testng.SuiteRunner.privateRun(SuiteRunner.java:332)
at org.testng.SuiteRunner.run(SuiteRunner.java:276)
at org.testng.SuiteRunnerWorker.runSuite(SuiteRunnerWorker.java:53)
at org.testng.SuiteRunnerWorker.run(SuiteRunnerWorker.java:96)
at org.testng.TestNG.runSuitesSequentially(TestNG.java:1212)
at org.testng.TestNG.runSuitesLocally(TestNG.java:1134)
at org.testng.TestNG.runSuites(TestNG.java:1063)
at org.testng.TestNG.run(TestNG.java:1031)
at org.testng.remote.AbstractRemoteTestNG.run(AbstractRemoteTestNG.java:115)
at org.testng.remote.RemoteTestNG.initAndRun(RemoteTestNG.java:251)
at org.testng.remote.RemoteTestNG.main(RemoteTestNG.java:77)
]]>
            </full-stacktrace>
          </exception> <!-- org.openqa.selenium.SessionNotCreatedException -->
          <reporter-output>
          </reporter-output>
        </test-method> <!-- selectTshirt -->
        <test-method status="SKIP" signature="closeBrowser()[pri:0, instance:com.flipkart.testExecution.MainTestExecution@64d2d351]" name="closeBrowser" is-config="true" duration-ms="-1638957869932" started-at="2021-12-08T15:34:29 IST" finished-at="1970-01-01T05:30:00 IST">
          <reporter-output>
          </reporter-output>
        </test-method> <!-- closeBrowser -->
        <test-method status="SKIP" signature="initialization()[pri:0, instance:com.flipkart.testExecution.MainTestExecution@64d2d351]" name="initialization" is-config="true" duration-ms="-1638957869935" started-at="2021-12-08T15:34:29 IST" finished-at="1970-01-01T05:30:00 IST">
          <reporter-output>
          </reporter-output>
        </test-method> <!-- initialization -->
        <test-method status="SKIP" signature="logOut()[pri:9, instance:com.flipkart.testExecution.MainTestExecution@64d2d351]" name="logOut" duration-ms="0" started-at="2021-12-08T15:34:29 IST" finished-at="2021-12-08T15:34:29 IST">
          <exception class="org.openqa.selenium.SessionNotCreatedException">
            <message>
              <![CDATA[session not created: This version of ChromeDriver only supports Chrome version 91
Current browser version is 96.0.4664.93 with binary path C:\Program Files\Google\Chrome\Application\chrome.exe
Build info: version: '3.141.59', revision: 'e82be7d358', time: '2018-11-14T08:17:03'
System info: host: 'LAPTOP-5PE8I9M0', ip: '192.168.1.102', os.name: 'Windows 10', os.arch: 'amd64', os.version: '10.0', java.version: '1.8.0_171'
Driver info: driver.version: ChromeDriver
remote stacktrace: Backtrace:
Ordinal0 [0x009E3733+2504499]
Ordinal0 [0x0097C401+2081793]
Ordinal0 [0x00882628+1058344]
Ordinal0 [0x008A071A+1181466]
Ordinal0 [0x0089C58C+1164684]
Ordinal0 [0x00899DC3+1154499]
Ordinal0 [0x008C9B82+1350530]
Ordinal0 [0x008C97DA+1349594]
Ordinal0 [0x008C5D4B+1334603]
Ordinal0 [0x008A22B4+1188532]
Ordinal0 [0x008A3149+1192265]
GetHandleVerifier [0x00B5FB8C+1512252]
GetHandleVerifier [0x00C0B0DF+2214031]
GetHandleVerifier [0x00A64BC3+484211]
GetHandleVerifier [0x00A63E69+480793]
Ordinal0 [0x0098218D+2105741]
Ordinal0 [0x009866E8+2123496]
Ordinal0 [0x00986827+2123815]
Ordinal0 [0x0098FB73+2161523]
BaseThreadInitThunk [0x7639FA29+25]
RtlGetAppContainerNamedObjectPath [0x77B07A9E+286]
RtlGetAppContainerNamedObjectPath [0x77B07A6E+238]
]]>
            </message>
            <full-stacktrace>
              <![CDATA[org.openqa.selenium.SessionNotCreatedException: session not created: This version of ChromeDriver only supports Chrome version 91
Current browser version is 96.0.4664.93 with binary path C:\Program Files\Google\Chrome\Application\chrome.exe
Build info: version: '3.141.59', revision: 'e82be7d358', time: '2018-11-14T08:17:03'
System info: host: 'LAPTOP-5PE8I9M0', ip: '192.168.1.102', os.name: 'Windows 10', os.arch: 'amd64', os.version: '10.0', java.version: '1.8.0_171'
Driver info: driver.version: ChromeDriver
remote stacktrace: Backtrace:
Ordinal0 [0x009E3733+2504499]
Ordinal0 [0x0097C401+2081793]
Ordinal0 [0x00882628+1058344]
Ordinal0 [0x008A071A+1181466]
Ordinal0 [0x0089C58C+1164684]
Ordinal0 [0x00899DC3+1154499]
Ordinal0 [0x008C9B82+1350530]
Ordinal0 [0x008C97DA+1349594]
Ordinal0 [0x008C5D4B+1334603]
Ordinal0 [0x008A22B4+1188532]
Ordinal0 [0x008A3149+1192265]
GetHandleVerifier [0x00B5FB8C+1512252]
GetHandleVerifier [0x00C0B0DF+2214031]
GetHandleVerifier [0x00A64BC3+484211]
GetHandleVerifier [0x00A63E69+480793]
Ordinal0 [0x0098218D+2105741]
Ordinal0 [0x009866E8+2123496]
Ordinal0 [0x00986827+2123815]
Ordinal0 [0x0098FB73+2161523]
BaseThreadInitThunk [0x7639FA29+25]
RtlGetAppContainerNamedObjectPath [0x77B07A9E+286]
RtlGetAppContainerNamedObjectPath [0x77B07A6E+238]

at sun.reflect.NativeConstructorAccessorImpl.newInstance0(Native Method)
at sun.reflect.NativeConstructorAccessorImpl.newInstance(Unknown Source)
at sun.reflect.DelegatingConstructorAccessorImpl.newInstance(Unknown Source)
at java.lang.reflect.Constructor.newInstance(Unknown Source)
at org.openqa.selenium.remote.W3CHandshakeResponse.lambda$errorHandler$0(W3CHandshakeResponse.java:62)
at org.openqa.selenium.remote.HandshakeResponse.lambda$getResponseFunction$0(HandshakeResponse.java:30)
at org.openqa.selenium.remote.ProtocolHandshake.lambda$createSession$0(ProtocolHandshake.java:126)
at java.util.stream.ReferencePipeline$3$1.accept(Unknown Source)
at java.util.Spliterators$ArraySpliterator.tryAdvance(Unknown Source)
at java.util.stream.ReferencePipeline.forEachWithCancel(Unknown Source)
at java.util.stream.AbstractPipeline.copyIntoWithCancel(Unknown Source)
at java.util.stream.AbstractPipeline.copyInto(Unknown Source)
at java.util.stream.AbstractPipeline.wrapAndCopyInto(Unknown Source)
at java.util.stream.FindOps$FindOp.evaluateSequential(Unknown Source)
at java.util.stream.AbstractPipeline.evaluate(Unknown Source)
at java.util.stream.ReferencePipeline.findFirst(Unknown Source)
at org.openqa.selenium.remote.ProtocolHandshake.createSession(ProtocolHandshake.java:128)
at org.openqa.selenium.remote.ProtocolHandshake.createSession(ProtocolHandshake.java:74)
at org.openqa.selenium.remote.HttpCommandExecutor.execute(HttpCommandExecutor.java:136)
at org.openqa.selenium.remote.service.DriverCommandExecutor.execute(DriverCommandExecutor.java:83)
at org.openqa.selenium.remote.RemoteWebDriver.execute(RemoteWebDriver.java:552)
at org.openqa.selenium.remote.RemoteWebDriver.startSession(RemoteWebDriver.java:213)
at org.openqa.selenium.remote.RemoteWebDriver.<init>(RemoteWebDriver.java:131)
at org.openqa.selenium.chrome.ChromeDriver.<init>(ChromeDriver.java:181)
at org.openqa.selenium.chrome.ChromeDriver.<init>(ChromeDriver.java:168)
at org.openqa.selenium.chrome.ChromeDriver.<init>(ChromeDriver.java:123)
at com.flipkart.base.BaseClass.launchBrowser(BaseClass.java:38)
at com.flipkart.testExecution.MainTestExecution.initialization(MainTestExecution.java:31)
at sun.reflect.NativeMethodAccessorImpl.invoke0(Native Method)
at sun.reflect.NativeMethodAccessorImpl.invoke(Unknown Source)
at sun.reflect.DelegatingMethodAccessorImpl.invoke(Unknown Source)
at java.lang.reflect.Method.invoke(Unknown Source)
at org.testng.internal.MethodInvocationHelper.invokeMethod(MethodInvocationHelper.java:133)
at org.testng.internal.MethodInvocationHelper.invokeMethodConsideringTimeout(MethodInvocationHelper.java:62)
at org.testng.internal.ConfigInvoker.invokeConfigurationMethod(ConfigInvoker.java:385)
at org.testng.internal.ConfigInvoker.invokeConfigurations(ConfigInvoker.java:321)
at org.testng.internal.TestInvoker.runConfigMethods(TestInvoker.java:700)
at org.testng.internal.TestInvoker.invokeMethod(TestInvoker.java:527)
at org.testng.internal.TestInvoker.invokeTestMethod(TestInvoker.java:173)
at org.testng.internal.MethodRunner.runInSequence(MethodRunner.java:46)
at org.testng.internal.TestInvoker$MethodInvocationAgent.invoke(TestInvoker.java:824)
at org.testng.internal.TestInvoker.invokeTestMethods(TestInvoker.java:146)
at org.testng.internal.TestMethodWorker.invokeTestMethods(TestMethodWorker.java:146)
at org.testng.internal.TestMethodWorker.run(TestMethodWorker.java:128)
at java.util.ArrayList.forEach(Unknown Source)
at org.testng.TestRunner.privateRun(TestRunner.java:794)
at org.testng.TestRunner.run(TestRunner.java:596)
at org.testng.SuiteRunner.runTest(SuiteRunner.java:377)
at org.testng.SuiteRunner.runSequentially(SuiteRunner.java:371)
at org.testng.SuiteRunner.privateRun(SuiteRunner.java:332)
at org.testng.SuiteRunner.run(SuiteRunner.java:276)
at org.testng.SuiteRunnerWorker.runSuite(SuiteRunnerWorker.java:53)
at org.testng.SuiteRunnerWorker.run(SuiteRunnerWorker.java:96)
at org.testng.TestNG.runSuitesSequentially(TestNG.java:1212)
at org.testng.TestNG.runSuitesLocally(TestNG.java:1134)
at org.testng.TestNG.runSuites(TestNG.java:1063)
at org.testng.TestNG.run(TestNG.java:1031)
at org.testng.remote.AbstractRemoteTestNG.run(AbstractRemoteTestNG.java:115)
at org.testng.remote.RemoteTestNG.initAndRun(RemoteTestNG.java:251)
at org.testng.remote.RemoteTestNG.main(RemoteTestNG.java:77)
]]>
            </full-stacktrace>
          </exception> <!-- org.openqa.selenium.SessionNotCreatedException -->
          <reporter-output>
          </reporter-output>
        </test-method> <!-- logOut -->
        <test-method status="SKIP" signature="closeBrowser()[pri:0, instance:com.flipkart.testExecution.MainTestExecution@64d2d351]" name="closeBrowser" is-config="true" duration-ms="-1638957869943" started-at="2021-12-08T15:34:29 IST" finished-at="1970-01-01T05:30:00 IST">
          <reporter-output>
          </reporter-output>
        </test-method> <!-- closeBrowser -->
      </class> <!-- com.flipkart.testExecution.MainTestExecution -->
    </test> <!-- Test -->
  </suite> <!-- Suite -->
</testng-results>
