<?xml version="1.0" encoding="UTF-8"?>
<!-- Generated by org.testng.reporters.JUnitReportReporter -->
<testsuite skipped="11" hostname="LAPTOP-5PE8I9M0" name="com.flipkart.testExecution.MainTestExecution" tests="12" failures="0" timestamp="2021-12-08T15:34:33 IST" time="51.120" errors="1">
  <testcase name="initialization" time="51.120" classname="com.flipkart.testExecution.MainTestExecution">
    <error type="org.openqa.selenium.SessionNotCreatedException" message="session not created: This version of ChromeDriver only supports Chrome version 91
Current browser version is 96.0.4664.93 with binary path C:\Program Files\Google\Chrome\Application\chrome.exe
Build info: version: &#039;3.141.59&#039;, revision: &#039;e82be7d358&#039;, time: &#039;2018-11-14T08:17:03&#039;
System info: host: &#039;LAPTOP-5PE8I9M0&#039;, ip: &#039;192.168.1.102&#039;, os.name: &#039;Windows 10&#039;, os.arch: &#039;amd64&#039;, os.version: &#039;10.0&#039;, java.version: &#039;1.8.0_171&#039;
Driver info: driver.version: ChromeDriver
remote stacktrace: Backtrace:
	Ordinal0 [0x009E3733+2504499]
	Ordinal0 [0x0097C401+2081793]
	Ordinal0 [0x00882628+1058344]
	Ordinal0 [0x008A071A+1181466]
	Ordinal0 [0x0089C58C+1164684]
	Ordinal0 [0x00899DC3+1154499]
	Ordinal0 [0x008C9B82+1350530]
	Ordinal0 [0x008C97DA+1349594]
	Ordinal0 [0x008C5D4B+1334603]
	Ordinal0 [0x008A22B4+1188532]
	Ordinal0 [0x008A3149+1192265]
	GetHandleVerifier [0x00B5FB8C+1512252]
	GetHandleVerifier [0x00C0B0DF+2214031]
	GetHandleVerifier [0x00A64BC3+484211]
	GetHandleVerifier [0x00A63E69+480793]
	Ordinal0 [0x0098218D+2105741]
	Ordinal0 [0x009866E8+2123496]
	Ordinal0 [0x00986827+2123815]
	Ordinal0 [0x0098FB73+2161523]
	BaseThreadInitThunk [0x7639FA29+25]
	RtlGetAppContainerNamedObjectPath [0x77B07A9E+286]
	RtlGetAppContainerNamedObjectPath [0x77B07A6E+238]
">
      <![CDATA[org.openqa.selenium.SessionNotCreatedException: session not created: This version of ChromeDriver only supports Chrome version 91
Current browser version is 96.0.4664.93 with binary path C:\Program Files\Google\Chrome\Application\chrome.exe
Build info: version: '3.141.59', revision: 'e82be7d358', time: '2018-11-14T08:17:03'
System info: host: 'LAPTOP-5PE8I9M0', ip: '192.168.1.102', os.name: 'Windows 10', os.arch: 'amd64', os.version: '10.0', java.version: '1.8.0_171'
Driver info: driver.version: ChromeDriver
remote stacktrace: Backtrace:
Ordinal0 [0x009E3733+2504499]
Ordinal0 [0x0097C401+2081793]
Ordinal0 [0x00882628+1058344]
Ordinal0 [0x008A071A+1181466]
Ordinal0 [0x0089C58C+1164684]
Ordinal0 [0x00899DC3+1154499]
Ordinal0 [0x008C9B82+1350530]
Ordinal0 [0x008C97DA+1349594]
Ordinal0 [0x008C5D4B+1334603]
Ordinal0 [0x008A22B4+1188532]
Ordinal0 [0x008A3149+1192265]
GetHandleVerifier [0x00B5FB8C+1512252]
GetHandleVerifier [0x00C0B0DF+2214031]
GetHandleVerifier [0x00A64BC3+484211]
GetHandleVerifier [0x00A63E69+480793]
Ordinal0 [0x0098218D+2105741]
Ordinal0 [0x009866E8+2123496]
Ordinal0 [0x00986827+2123815]
Ordinal0 [0x0098FB73+2161523]
BaseThreadInitThunk [0x7639FA29+25]
RtlGetAppContainerNamedObjectPath [0x77B07A9E+286]
RtlGetAppContainerNamedObjectPath [0x77B07A6E+238]

at sun.reflect.NativeConstructorAccessorImpl.newInstance0(Native Method)
at sun.reflect.NativeConstructorAccessorImpl.newInstance(Unknown Source)
at sun.reflect.DelegatingConstructorAccessorImpl.newInstance(Unknown Source)
at java.lang.reflect.Constructor.newInstance(Unknown Source)
at org.openqa.selenium.remote.W3CHandshakeResponse.lambda$errorHandler$0(W3CHandshakeResponse.java:62)
at org.openqa.selenium.remote.HandshakeResponse.lambda$getResponseFunction$0(HandshakeResponse.java:30)
at org.openqa.selenium.remote.ProtocolHandshake.lambda$createSession$0(ProtocolHandshake.java:126)
at java.util.stream.ReferencePipeline$3$1.accept(Unknown Source)
at java.util.Spliterators$ArraySpliterator.tryAdvance(Unknown Source)
at java.util.stream.ReferencePipeline.forEachWithCancel(Unknown Source)
at java.util.stream.AbstractPipeline.copyIntoWithCancel(Unknown Source)
at java.util.stream.AbstractPipeline.copyInto(Unknown Source)
at java.util.stream.AbstractPipeline.wrapAndCopyInto(Unknown Source)
at java.util.stream.FindOps$FindOp.evaluateSequential(Unknown Source)
at java.util.stream.AbstractPipeline.evaluate(Unknown Source)
at java.util.stream.ReferencePipeline.findFirst(Unknown Source)
at org.openqa.selenium.remote.ProtocolHandshake.createSession(ProtocolHandshake.java:128)
at org.openqa.selenium.remote.ProtocolHandshake.createSession(ProtocolHandshake.java:74)
at org.openqa.selenium.remote.HttpCommandExecutor.execute(HttpCommandExecutor.java:136)
at org.openqa.selenium.remote.service.DriverCommandExecutor.execute(DriverCommandExecutor.java:83)
at org.openqa.selenium.remote.RemoteWebDriver.execute(RemoteWebDriver.java:552)
at org.openqa.selenium.remote.RemoteWebDriver.startSession(RemoteWebDriver.java:213)
at org.openqa.selenium.remote.RemoteWebDriver.<init>(RemoteWebDriver.java:131)
at org.openqa.selenium.chrome.ChromeDriver.<init>(ChromeDriver.java:181)
at org.openqa.selenium.chrome.ChromeDriver.<init>(ChromeDriver.java:168)
at org.openqa.selenium.chrome.ChromeDriver.<init>(ChromeDriver.java:123)
at com.flipkart.base.BaseClass.launchBrowser(BaseClass.java:38)
at com.flipkart.testExecution.MainTestExecution.initialization(MainTestExecution.java:31)
at sun.reflect.NativeMethodAccessorImpl.invoke0(Native Method)
at sun.reflect.NativeMethodAccessorImpl.invoke(Unknown Source)
at sun.reflect.DelegatingMethodAccessorImpl.invoke(Unknown Source)
at java.lang.reflect.Method.invoke(Unknown Source)
at org.testng.internal.MethodInvocationHelper.invokeMethod(MethodInvocationHelper.java:133)
at org.testng.internal.MethodInvocationHelper.invokeMethodConsideringTimeout(MethodInvocationHelper.java:62)
at org.testng.internal.ConfigInvoker.invokeConfigurationMethod(ConfigInvoker.java:385)
at org.testng.internal.ConfigInvoker.invokeConfigurations(ConfigInvoker.java:321)
at org.testng.internal.TestInvoker.runConfigMethods(TestInvoker.java:700)
at org.testng.internal.TestInvoker.invokeMethod(TestInvoker.java:527)
at org.testng.internal.TestInvoker.invokeTestMethod(TestInvoker.java:173)
at org.testng.internal.MethodRunner.runInSequence(MethodRunner.java:46)
at org.testng.internal.TestInvoker$MethodInvocationAgent.invoke(TestInvoker.java:824)
at org.testng.internal.TestInvoker.invokeTestMethods(TestInvoker.java:146)
at org.testng.internal.TestMethodWorker.invokeTestMethods(TestMethodWorker.java:146)
at org.testng.internal.TestMethodWorker.run(TestMethodWorker.java:128)
at java.util.ArrayList.forEach(Unknown Source)
at org.testng.TestRunner.privateRun(TestRunner.java:794)
at org.testng.TestRunner.run(TestRunner.java:596)
at org.testng.SuiteRunner.runTest(SuiteRunner.java:377)
at org.testng.SuiteRunner.runSequentially(SuiteRunner.java:371)
at org.testng.SuiteRunner.privateRun(SuiteRunner.java:332)
at org.testng.SuiteRunner.run(SuiteRunner.java:276)
at org.testng.SuiteRunnerWorker.runSuite(SuiteRunnerWorker.java:53)
at org.testng.SuiteRunnerWorker.run(SuiteRunnerWorker.java:96)
at org.testng.TestNG.runSuitesSequentially(TestNG.java:1212)
at org.testng.TestNG.runSuitesLocally(TestNG.java:1134)
at org.testng.TestNG.runSuites(TestNG.java:1063)
at org.testng.TestNG.run(TestNG.java:1031)
at org.testng.remote.AbstractRemoteTestNG.run(AbstractRemoteTestNG.java:115)
at org.testng.remote.RemoteTestNG.initAndRun(RemoteTestNG.java:251)
at org.testng.remote.RemoteTestNG.main(RemoteTestNG.java:77)
]]>
    </error>
  </testcase> <!-- initialization -->
  <system-out/>
  <testcase name="verifylogo" time="0.000" classname="com.flipkart.testExecution.MainTestExecution">
    <skipped/>
  </testcase> <!-- verifylogo -->
  <system-out/>
  <testcase name="loginFailed" time="0.000" classname="com.flipkart.testExecution.MainTestExecution">
    <skipped/>
  </testcase> <!-- loginFailed -->
  <system-out/>
  <testcase name="login" time="0.000" classname="com.flipkart.testExecution.MainTestExecution">
    <skipped/>
  </testcase> <!-- login -->
  <system-out/>
  <testcase name="Navigation" time="0.000" classname="com.flipkart.testExecution.MainTestExecution">
    <skipped/>
  </testcase> <!-- Navigation -->
  <system-out/>
  <testcase name="cursorOnElectronics" time="0.000" classname="com.flipkart.testExecution.MainTestExecution">
    <skipped/>
  </testcase> <!-- cursorOnElectronics -->
  <system-out/>
  <testcase name="searchProduct" time="0.000" classname="com.flipkart.testExecution.MainTestExecution">
    <skipped/>
  </testcase> <!-- searchProduct -->
  <system-out/>
  <testcase name="selectFlights" time="0.000" classname="com.flipkart.testExecution.MainTestExecution">
    <skipped/>
  </testcase> <!-- selectFlights -->
  <system-out/>
  <testcase name="selectToys" time="0.000" classname="com.flipkart.testExecution.MainTestExecution">
    <skipped/>
  </testcase> <!-- selectToys -->
  <system-out/>
  <testcase name="selectTshirt" time="0.000" classname="com.flipkart.testExecution.MainTestExecution">
    <skipped/>
  </testcase> <!-- selectTshirt -->
  <system-out/>
  <testcase name="logOut" time="0.000" classname="com.flipkart.testExecution.MainTestExecution">
    <skipped/>
  </testcase> <!-- logOut -->
  <system-out/>
  <testcase name="verifyLabelAndContol" classname="com.flipkart.testExecution.MainTestExecution">
    <skipped/>
  </testcase> <!-- verifyLabelAndContol -->
  <system-out/>
</testsuite> <!-- com.flipkart.testExecution.MainTestExecution -->
