<?xml version="1.0" encoding="UTF-8"?>
<!-- Generated by org.testng.reporters.JUnitXMLReporter -->
<testsuite hostname="LAPTOP-5PE8I9M0" ignored="1" name="Test" tests="10" failures="0" timestamp="2021-12-08T15:34:30 IST" time="51.975" errors="0">
  <testcase name="@BeforeMethod initialization" time="51.12" classname="com.flipkart.testExecution.MainTestExecution">
    <failure type="org.openqa.selenium.SessionNotCreatedException" message="session not created: This version of ChromeDriver only supports Chrome version 91
Current browser version is 96.0.4664.93 with binary path C:\Program Files\Google\Chrome\Application\chrome.exe
Build info: version: &amp;apos;3.141.59&amp;apos;, revision: &amp;apos;e82be7d358&amp;apos;, time: &amp;apos;2018-11-14T08:17:03&amp;apos;
System info: host: &amp;apos;LAPTOP-5PE8I9M0&amp;apos;, ip: &amp;apos;192.168.1.102&amp;apos;, os.name: &amp;apos;Windows 10&amp;apos;, os.arch: &amp;apos;amd64&amp;apos;, os.version: &amp;apos;10.0&amp;apos;, java.version: &amp;apos;1.8.0_171&amp;apos;
Driver info: driver.version: ChromeDriver
remote stacktrace: Backtrace:
	Ordinal0 [0x009E3733+2504499]
	Ordinal0 [0x0097C401+2081793]
	Ordinal0 [0x00882628+1058344]
	Ordinal0 [0x008A071A+1181466]
	Ordinal0 [0x0089C58C+1164684]
	Ordinal0 [0x00899DC3+1154499]
	Ordinal0 [0x008C9B82+1350530]
	Ordinal0 [0x008C97DA+1349594]
	Ordinal0 [0x008C5D4B+1334603]
	Ordinal0 [0x008A22B4+1188532]
	Ordinal0 [0x008A3149+1192265]
	GetHandleVerifier [0x00B5FB8C+1512252]
	GetHandleVerifier [0x00C0B0DF+2214031]
	GetHandleVerifier [0x00A64BC3+484211]
	GetHandleVerifier [0x00A63E69+480793]
	Ordinal0 [0x0098218D+2105741]
	Ordinal0 [0x009866E8+2123496]
	Ordinal0 [0x00986827+2123815]
	Ordinal0 [0x0098FB73+2161523]
	BaseThreadInitThunk [0x7639FA29+25]
	RtlGetAppContainerNamedObjectPath [0x77B07A9E+286]
	RtlGetAppContainerNamedObjectPath [0x77B07A6E+238]
">
      <![CDATA[org.openqa.selenium.SessionNotCreatedException: session not created: This version of ChromeDriver only supports Chrome version 91
Current browser version is 96.0.4664.93 with binary path C:\Program Files\Google\Chrome\Application\chrome.exe
Build info: version: '3.141.59', revision: 'e82be7d358', time: '2018-11-14T08:17:03'
System info: host: 'LAPTOP-5PE8I9M0', ip: '192.168.1.102', os.name: 'Windows 10', os.arch: 'amd64', os.version: '10.0', java.version: '1.8.0_171'
Driver info: driver.version: ChromeDriver
remote stacktrace: Backtrace:
Ordinal0 [0x009E3733+2504499]
Ordinal0 [0x0097C401+2081793]
Ordinal0 [0x00882628+1058344]
Ordinal0 [0x008A071A+1181466]
Ordinal0 [0x0089C58C+1164684]
Ordinal0 [0x00899DC3+1154499]
Ordinal0 [0x008C9B82+1350530]
Ordinal0 [0x008C97DA+1349594]
Ordinal0 [0x008C5D4B+1334603]
Ordinal0 [0x008A22B4+1188532]
Ordinal0 [0x008A3149+1192265]
GetHandleVerifier [0x00B5FB8C+1512252]
GetHandleVerifier [0x00C0B0DF+2214031]
GetHandleVerifier [0x00A64BC3+484211]
GetHandleVerifier [0x00A63E69+480793]
Ordinal0 [0x0098218D+2105741]
Ordinal0 [0x009866E8+2123496]
Ordinal0 [0x00986827+2123815]
Ordinal0 [0x0098FB73+2161523]
BaseThreadInitThunk [0x7639FA29+25]
RtlGetAppContainerNamedObjectPath [0x77B07A9E+286]
RtlGetAppContainerNamedObjectPath [0x77B07A6E+238]

at org.openqa.selenium.remote.W3CHandshakeResponse.lambda$errorHandler$0(W3CHandshakeResponse.java:62)
at org.openqa.selenium.remote.HandshakeResponse.lambda$getResponseFunction$0(HandshakeResponse.java:30)
at org.openqa.selenium.remote.ProtocolHandshake.lambda$createSession$0(ProtocolHandshake.java:126)
at java.util.stream.ReferencePipeline$3$1.accept(Unknown Source)
at java.util.Spliterators$ArraySpliterator.tryAdvance(Unknown Source)
at java.util.stream.ReferencePipeline.forEachWithCancel(Unknown Source)
at java.util.stream.AbstractPipeline.copyIntoWithCancel(Unknown Source)
at java.util.stream.AbstractPipeline.copyInto(Unknown Source)
at java.util.stream.AbstractPipeline.wrapAndCopyInto(Unknown Source)
at java.util.stream.FindOps$FindOp.evaluateSequential(Unknown Source)
at java.util.stream.AbstractPipeline.evaluate(Unknown Source)
at java.util.stream.ReferencePipeline.findFirst(Unknown Source)
at org.openqa.selenium.remote.ProtocolHandshake.createSession(ProtocolHandshake.java:128)
at org.openqa.selenium.remote.ProtocolHandshake.createSession(ProtocolHandshake.java:74)
at org.openqa.selenium.remote.HttpCommandExecutor.execute(HttpCommandExecutor.java:136)
at org.openqa.selenium.remote.service.DriverCommandExecutor.execute(DriverCommandExecutor.java:83)
at org.openqa.selenium.remote.RemoteWebDriver.execute(RemoteWebDriver.java:552)
at org.openqa.selenium.remote.RemoteWebDriver.startSession(RemoteWebDriver.java:213)
at org.openqa.selenium.remote.RemoteWebDriver.<init>(RemoteWebDriver.java:131)
at org.openqa.selenium.chrome.ChromeDriver.<init>(ChromeDriver.java:181)
at org.openqa.selenium.chrome.ChromeDriver.<init>(ChromeDriver.java:168)
at org.openqa.selenium.chrome.ChromeDriver.<init>(ChromeDriver.java:123)
at com.flipkart.base.BaseClass.launchBrowser(BaseClass.java:38)
at com.flipkart.testExecution.MainTestExecution.initialization(MainTestExecution.java:31)
at java.util.ArrayList.forEach(Unknown Source)
... Removed 35 stack frames]]>
    </failure>
  </testcase> <!-- @BeforeMethod initialization -->
  <testcase name="@AfterMethod closeBrowser" time="-1.638957869499E9" classname="com.flipkart.testExecution.MainTestExecution">
    <skipped/>
  </testcase> <!-- @AfterMethod closeBrowser -->
  <testcase name="@BeforeMethod initialization" time="-1.638957869512E9" classname="com.flipkart.testExecution.MainTestExecution">
    <skipped/>
  </testcase> <!-- @BeforeMethod initialization -->
  <testcase name="@AfterMethod closeBrowser" time="-1.638957869555E9" classname="com.flipkart.testExecution.MainTestExecution">
    <skipped/>
  </testcase> <!-- @AfterMethod closeBrowser -->
  <testcase name="@BeforeMethod initialization" time="-1.638957869562E9" classname="com.flipkart.testExecution.MainTestExecution">
    <skipped/>
  </testcase> <!-- @BeforeMethod initialization -->
  <testcase name="@AfterMethod closeBrowser" time="-1.638957869578E9" classname="com.flipkart.testExecution.MainTestExecution">
    <skipped/>
  </testcase> <!-- @AfterMethod closeBrowser -->
  <testcase name="@BeforeMethod initialization" time="-1.638957869583E9" classname="com.flipkart.testExecution.MainTestExecution">
    <skipped/>
  </testcase> <!-- @BeforeMethod initialization -->
  <testcase name="@AfterMethod closeBrowser" time="-1.638957869636E9" classname="com.flipkart.testExecution.MainTestExecution">
    <skipped/>
  </testcase> <!-- @AfterMethod closeBrowser -->
  <testcase name="@BeforeMethod initialization" time="-1.638957869649E9" classname="com.flipkart.testExecution.MainTestExecution">
    <skipped/>
  </testcase> <!-- @BeforeMethod initialization -->
  <testcase name="@AfterMethod closeBrowser" time="-1.638957869715E9" classname="com.flipkart.testExecution.MainTestExecution">
    <skipped/>
  </testcase> <!-- @AfterMethod closeBrowser -->
  <testcase name="@BeforeMethod initialization" time="-1.638957869722E9" classname="com.flipkart.testExecution.MainTestExecution">
    <skipped/>
  </testcase> <!-- @BeforeMethod initialization -->
  <testcase name="@AfterMethod closeBrowser" time="-1.638957869752E9" classname="com.flipkart.testExecution.MainTestExecution">
    <skipped/>
  </testcase> <!-- @AfterMethod closeBrowser -->
  <testcase name="@BeforeMethod initialization" time="-1.638957869764E9" classname="com.flipkart.testExecution.MainTestExecution">
    <skipped/>
  </testcase> <!-- @BeforeMethod initialization -->
  <testcase name="@AfterMethod closeBrowser" time="-1.638957869866E9" classname="com.flipkart.testExecution.MainTestExecution">
    <skipped/>
  </testcase> <!-- @AfterMethod closeBrowser -->
  <testcase name="@BeforeMethod initialization" time="-1.638957869886E9" classname="com.flipkart.testExecution.MainTestExecution">
    <skipped/>
  </testcase> <!-- @BeforeMethod initialization -->
  <testcase name="@AfterMethod closeBrowser" time="-1.638957869899E9" classname="com.flipkart.testExecution.MainTestExecution">
    <skipped/>
  </testcase> <!-- @AfterMethod closeBrowser -->
  <testcase name="@BeforeMethod initialization" time="-1.638957869917E9" classname="com.flipkart.testExecution.MainTestExecution">
    <skipped/>
  </testcase> <!-- @BeforeMethod initialization -->
  <testcase name="@AfterMethod closeBrowser" time="-1.638957869932E9" classname="com.flipkart.testExecution.MainTestExecution">
    <skipped/>
  </testcase> <!-- @AfterMethod closeBrowser -->
  <testcase name="@BeforeMethod initialization" time="-1.638957869935E9" classname="com.flipkart.testExecution.MainTestExecution">
    <skipped/>
  </testcase> <!-- @BeforeMethod initialization -->
  <testcase name="@AfterMethod closeBrowser" time="-1.638957869943E9" classname="com.flipkart.testExecution.MainTestExecution">
    <skipped/>
  </testcase> <!-- @AfterMethod closeBrowser -->
  <testcase name="verifylogo" time="0.0" classname="com.flipkart.testExecution.MainTestExecution">
    <skipped/>
  </testcase> <!-- verifylogo -->
  <testcase name="loginFailed" time="0.0" classname="com.flipkart.testExecution.MainTestExecution">
    <skipped/>
  </testcase> <!-- loginFailed -->
  <testcase name="login" time="0.0" classname="com.flipkart.testExecution.MainTestExecution">
    <skipped/>
  </testcase> <!-- login -->
  <testcase name="Navigation" time="0.0" classname="com.flipkart.testExecution.MainTestExecution">
    <skipped/>
  </testcase> <!-- Navigation -->
  <testcase name="cursorOnElectronics" time="0.0" classname="com.flipkart.testExecution.MainTestExecution">
    <skipped/>
  </testcase> <!-- cursorOnElectronics -->
  <testcase name="searchProduct" time="0.0" classname="com.flipkart.testExecution.MainTestExecution">
    <skipped/>
  </testcase> <!-- searchProduct -->
  <testcase name="selectFlights" time="0.0" classname="com.flipkart.testExecution.MainTestExecution">
    <skipped/>
  </testcase> <!-- selectFlights -->
  <testcase name="selectToys" time="0.0" classname="com.flipkart.testExecution.MainTestExecution">
    <skipped/>
  </testcase> <!-- selectToys -->
  <testcase name="selectTshirt" time="0.0" classname="com.flipkart.testExecution.MainTestExecution">
    <skipped/>
  </testcase> <!-- selectTshirt -->
  <testcase name="logOut" time="0.0" classname="com.flipkart.testExecution.MainTestExecution">
    <skipped/>
  </testcase> <!-- logOut -->
  <testcase name="verifyLabelAndContol" time="0.0" classname="com.flipkart.testExecution.MainTestExecution">
    <ignored/>
  </testcase> <!-- verifyLabelAndContol -->
</testsuite> <!-- Test -->
